2026-02-03 00:00:58 INFO  c.j.p.s.JwtAuthenticationFilter - JWT Token found for user: osama
2026-02-03 00:00:58 INFO  c.j.p.s.JwtAuthenticationFilter - JWT authentication successful for user: osama
2026-02-03 00:01:05 INFO  c.j.p.s.JwtAuthenticationFilter - JWT Token found for user: osama
2026-02-03 00:01:05 INFO  c.j.p.s.JwtAuthenticationFilter - JWT authentication successful for user: osama
2026-02-03 00:01:09 INFO  c.j.p.s.JwtAuthenticationFilter - JWT Token found for user: osama
2026-02-03 00:01:09 INFO  c.j.p.s.JwtAuthenticationFilter - JWT authentication successful for user: osama
2026-02-03 00:01:14 INFO  c.j.p.s.JwtAuthenticationFilter - JWT Token found for user: osama
2026-02-03 00:01:14 INFO  c.j.p.s.JwtAuthenticationFilter - JWT authentication successful for user: osama
2026-02-03 00:01:17 INFO  c.j.p.s.JwtAuthenticationFilter - JWT Token found for user: osama
2026-02-03 00:01:17 INFO  c.j.p.s.JwtAuthenticationFilter - JWT authentication successful for user: osama
2026-02-03 00:01:27 INFO  c.j.p.s.JwtAuthenticationFilter - JWT Token found for user: osama
2026-02-03 00:01:27 INFO  c.j.p.s.JwtAuthenticationFilter - JWT authentication successful for user: osama
2026-02-03 00:01:30 INFO  c.j.p.s.JwtAuthenticationFilter - JWT Token found for user: osama
2026-02-03 00:01:30 INFO  c.j.p.s.JwtAuthenticationFilter - JWT authentication successful for user: osama
2026-02-03 00:01:31 INFO  c.j.p.s.JwtAuthenticationFilter - JWT Token found for user: osama
2026-02-03 00:01:31 INFO  c.j.p.s.JwtAuthenticationFilter - JWT authentication successful for user: osama
2026-02-03 00:01:58 INFO  c.j.p.s.JwtAuthenticationFilter - JWT Token found for user: osama
2026-02-03 00:01:58 INFO  c.j.p.s.JwtAuthenticationFilter - JWT authentication successful for user: osama
2026-02-03 00:02:44 INFO  c.j.pos.scheduler.GoldPriceScheduler - Connecting to Gold Price Source: https://egypt.gold-price-today.com/
2026-02-03 00:02:54 ERROR c.j.pos.scheduler.GoldPriceScheduler - ❌ Scrape failed: Connect timed out. Keeping old price.
2026-02-03 00:02:58 INFO  c.j.p.s.JwtAuthenticationFilter - JWT Token found for user: osama
2026-02-03 00:02:58 INFO  c.j.p.s.JwtAuthenticationFilter - JWT authentication successful for user: osama
2026-02-03 00:03:22 INFO  c.j.p.s.JwtAuthenticationFilter - JWT Token found for user: osama
2026-02-03 00:03:22 INFO  c.j.p.s.JwtAuthenticationFilter - JWT authentication successful for user: osama
2026-02-03 00:03:26 INFO  c.j.p.s.JwtAuthenticationFilter - JWT Token found for user: osama
2026-02-03 00:03:26 INFO  c.j.p.s.JwtAuthenticationFilter - JWT authentication successful for user: osama
2026-02-03 00:03:29 INFO  c.j.p.s.JwtAuthenticationFilter - JWT Token found for user: osama
2026-02-03 00:03:29 INFO  c.j.p.s.JwtAuthenticationFilter - JWT authentication successful for user: osama
2026-02-03 00:03:31 INFO  c.j.p.s.JwtAuthenticationFilter - JWT Token found for user: osama
2026-02-03 00:03:31 INFO  c.j.p.s.JwtAuthenticationFilter - JWT authentication successful for user: osama
2026-02-03 00:03:45 INFO  c.j.p.s.JwtAuthenticationFilter - JWT Token found for user: osama
2026-02-03 00:03:45 INFO  c.j.p.s.JwtAuthenticationFilter - JWT authentication successful for user: osama
2026-02-03 00:03:45 INFO  c.j.pos.service.CheckoutService - Financial Transaction Persisted: Sale ID 0PC3YSGXMH4TR | Total: 86433.75000 | Old Gold: 0 | Net Paid: 86433.75000
2026-02-03 00:03:45 INFO  c.j.pos.service.CheckoutService - Hardware disabled in settings. Skipping cash drawer/printer.
2026-02-03 00:03:51 INFO  c.j.p.s.JwtAuthenticationFilter - JWT Token found for user: osama
2026-02-03 00:03:51 INFO  c.j.p.s.JwtAuthenticationFilter - JWT authentication successful for user: osama
2026-02-03 00:03:58 INFO  c.j.p.s.JwtAuthenticationFilter - JWT Token found for user: osama
2026-02-03 00:03:58 INFO  c.j.p.s.JwtAuthenticationFilter - JWT authentication successful for user: osama
2026-02-03 00:05:51 INFO  c.j.p.s.JwtAuthenticationFilter - JWT Token found for user: osama
2026-02-03 00:05:51 INFO  c.j.p.s.JwtAuthenticationFilter - JWT authentication successful for user: osama
2026-02-03 00:05:51 INFO  c.j.p.s.JwtAuthenticationFilter - JWT Token found for user: osama
2026-02-03 00:05:51 INFO  c.j.p.s.JwtAuthenticationFilter - JWT authentication successful for user: osama
2026-02-03 00:05:52 INFO  c.j.p.s.JwtAuthenticationFilter - JWT Token found for user: osama
2026-02-03 00:05:52 INFO  c.j.p.s.JwtAuthenticationFilter - JWT authentication successful for user: osama
2026-02-03 00:05:52 INFO  c.j.p.s.JwtAuthenticationFilter - JWT Token found for user: osama
2026-02-03 00:05:52 INFO  c.j.p.s.JwtAuthenticationFilter - JWT authentication successful for user: osama
2026-02-03 00:05:55 INFO  c.j.p.s.JwtAuthenticationFilter - JWT Token found for user: osama
2026-02-03 00:05:55 INFO  c.j.p.s.JwtAuthenticationFilter - JWT authentication successful for user: osama
2026-02-03 00:05:57 INFO  c.j.p.s.JwtAuthenticationFilter - JWT Token found for user: osama
2026-02-03 00:05:57 INFO  c.j.p.s.JwtAuthenticationFilter - JWT authentication successful for user: osama
2026-02-03 00:05:58 INFO  c.j.p.s.JwtAuthenticationFilter - JWT Token found for user: osama
2026-02-03 00:05:58 INFO  c.j.p.s.JwtAuthenticationFilter - JWT authentication successful for user: osama
2026-02-03 00:05:59 INFO  c.j.p.s.JwtAuthenticationFilter - JWT Token found for user: osama
2026-02-03 00:05:59 INFO  c.j.p.s.JwtAuthenticationFilter - JWT authentication successful for user: osama
2026-02-03 00:06:00 INFO  c.j.p.s.JwtAuthenticationFilter - JWT Token found for user: osama
2026-02-03 00:06:00 INFO  c.j.p.s.JwtAuthenticationFilter - JWT authentication successful for user: osama
2026-02-03 00:06:07 INFO  c.j.p.s.JwtAuthenticationFilter - JWT Token found for user: osama
2026-02-03 00:06:07 INFO  c.j.p.s.JwtAuthenticationFilter - JWT authentication successful for user: osama
2026-02-03 00:06:08 INFO  c.j.p.s.JwtAuthenticationFilter - JWT Token found for user: osama
2026-02-03 00:06:08 INFO  c.j.p.s.JwtAuthenticationFilter - JWT authentication successful for user: osama
2026-02-03 00:06:09 INFO  c.j.p.s.JwtAuthenticationFilter - JWT Token found for user: osama
2026-02-03 00:06:09 INFO  c.j.p.s.JwtAuthenticationFilter - JWT authentication successful for user: osama
2026-02-03 00:06:43 INFO  c.j.p.s.JwtAuthenticationFilter - JWT Token found for user: osama
2026-02-03 00:06:43 INFO  c.j.p.s.JwtAuthenticationFilter - JWT authentication successful for user: osama
2026-02-03 00:06:43 INFO  c.j.p.s.JwtAuthenticationFilter - JWT Token found for user: osama
2026-02-03 00:06:43 INFO  c.j.p.s.JwtAuthenticationFilter - JWT authentication successful for user: osama
2026-02-03 00:06:52 INFO  c.j.p.s.JwtAuthenticationFilter - JWT Token found for user: osama
2026-02-03 00:06:52 INFO  c.j.p.s.JwtAuthenticationFilter - JWT authentication successful for user: osama
2026-02-03 00:07:27 INFO  c.j.p.s.JwtAuthenticationFilter - JWT Token found for user: osama
2026-02-03 00:07:27 INFO  c.j.p.s.JwtAuthenticationFilter - JWT authentication successful for user: osama
2026-02-03 00:07:27 INFO  c.j.p.s.JwtAuthenticationFilter - JWT Token found for user: osama
2026-02-03 00:07:27 INFO  c.j.p.s.JwtAuthenticationFilter - JWT authentication successful for user: osama
2026-02-03 00:07:44 INFO  c.j.pos.scheduler.GoldPriceScheduler - Connecting to Gold Price Source: https://egypt.gold-price-today.com/
2026-02-03 00:07:44 INFO  c.j.pos.scheduler.GoldPriceScheduler - ✅ Gold Price Updated: 24k = 7370 EGP
2026-02-03 00:07:52 INFO  c.j.p.s.JwtAuthenticationFilter - JWT Token found for user: osama
2026-02-03 00:07:52 INFO  c.j.p.s.JwtAuthenticationFilter - JWT authentication successful for user: osama
2026-02-03 00:08:26 INFO  c.j.p.s.JwtAuthenticationFilter - JWT Token found for user: osama
2026-02-03 00:08:26 INFO  c.j.p.s.JwtAuthenticationFilter - JWT authentication successful for user: osama
2026-02-03 00:08:26 INFO  c.j.p.s.JwtAuthenticationFilter - JWT Token found for user: osama
2026-02-03 00:08:26 INFO  c.j.p.s.JwtAuthenticationFilter - JWT authentication successful for user: osama
2026-02-03 00:08:46 INFO  c.j.p.s.JwtAuthenticationFilter - JWT Token found for user: osama
2026-02-03 00:08:46 INFO  c.j.p.s.JwtAuthenticationFilter - JWT authentication successful for user: osama
2026-02-03 00:08:46 INFO  c.j.p.s.JwtAuthenticationFilter - JWT Token found for user: osama
2026-02-03 00:08:46 INFO  c.j.p.s.JwtAuthenticationFilter - JWT authentication successful for user: osama
2026-02-03 00:08:48 INFO  c.j.p.s.JwtAuthenticationFilter - JWT Token found for user: osama
2026-02-03 00:08:48 INFO  c.j.p.s.JwtAuthenticationFilter - JWT authentication successful for user: osama
2026-02-03 00:08:50 INFO  c.j.p.s.JwtAuthenticationFilter - JWT Token found for user: osama
2026-02-03 00:08:50 INFO  c.j.p.s.JwtAuthenticationFilter - JWT authentication successful for user: osama
2026-02-03 00:08:52 INFO  c.j.p.s.JwtAuthenticationFilter - JWT Token found for user: osama
2026-02-03 00:08:52 INFO  c.j.p.s.JwtAuthenticationFilter - JWT authentication successful for user: osama
2026-02-03 00:08:56 INFO  c.j.p.s.JwtAuthenticationFilter - JWT Token found for user: osama
2026-02-03 00:08:56 INFO  c.j.p.s.JwtAuthenticationFilter - JWT Token found for user: osama
2026-02-03 00:08:56 INFO  c.j.p.s.JwtAuthenticationFilter - JWT authentication successful for user: osama
2026-02-03 00:08:56 INFO  c.j.p.s.JwtAuthenticationFilter - JWT Token found for user: osama
2026-02-03 00:08:56 INFO  c.j.p.s.JwtAuthenticationFilter - JWT Token found for user: osama
2026-02-03 00:08:56 INFO  c.j.p.s.JwtAuthenticationFilter - JWT Token found for user: osama
2026-02-03 00:08:56 INFO  c.j.p.s.JwtAuthenticationFilter - JWT authentication successful for user: osama
2026-02-03 00:08:56 INFO  c.j.p.s.JwtAuthenticationFilter - JWT authentication successful for user: osama
2026-02-03 00:08:56 INFO  c.j.p.s.JwtAuthenticationFilter - JWT authentication successful for user: osama
2026-02-03 00:08:56 INFO  c.j.p.s.JwtAuthenticationFilter - JWT authentication successful for user: osama
2026-02-03 00:08:57 INFO  c.j.p.s.JwtAuthenticationFilter - JWT Token found for user: osama
2026-02-03 00:08:57 INFO  c.j.p.s.JwtAuthenticationFilter - JWT authentication successful for user: osama
2026-02-03 00:09:00 INFO  c.j.p.s.JwtAuthenticationFilter - JWT Token found for user: osama
2026-02-03 00:09:00 INFO  c.j.p.s.JwtAuthenticationFilter - JWT authentication successful for user: osama
2026-02-03 00:09:02 INFO  c.j.p.s.JwtAuthenticationFilter - JWT Token found for user: osama
2026-02-03 00:09:02 INFO  c.j.p.s.JwtAuthenticationFilter - JWT authentication successful for user: osama
2026-02-03 00:09:11 INFO  c.j.p.s.JwtAuthenticationFilter - JWT Token found for user: osama
2026-02-03 00:09:11 INFO  c.j.p.s.JwtAuthenticationFilter - JWT authentication successful for user: osama
2026-02-03 00:09:14 INFO  c.j.p.s.JwtAuthenticationFilter - JWT Token found for user: osama
2026-02-03 00:09:14 INFO  c.j.p.s.JwtAuthenticationFilter - JWT authentication successful for user: osama
2026-02-03 00:09:16 INFO  c.j.p.s.JwtAuthenticationFilter - JWT Token found for user: osama
2026-02-03 00:09:16 INFO  c.j.p.s.JwtAuthenticationFilter - JWT authentication successful for user: osama
2026-02-03 00:09:23 INFO  c.j.p.s.JwtAuthenticationFilter - JWT Token found for user: osama
2026-02-03 00:09:23 INFO  c.j.p.s.JwtAuthenticationFilter - JWT authentication successful for user: osama
2026-02-03 00:09:29 INFO  c.j.p.s.JwtAuthenticationFilter - JWT Token found for user: osama
2026-02-03 00:09:29 INFO  c.j.p.s.JwtAuthenticationFilter - JWT authentication successful for user: osama
2026-02-03 00:09:31 INFO  c.j.p.s.JwtAuthenticationFilter - JWT Token found for user: osama
2026-02-03 00:09:31 INFO  c.j.p.s.JwtAuthenticationFilter - JWT authentication successful for user: osama
2026-02-03 00:09:40 INFO  c.j.p.s.JwtAuthenticationFilter - JWT Token found for user: osama
2026-02-03 00:09:40 INFO  c.j.p.s.JwtAuthenticationFilter - JWT authentication successful for user: osama
2026-02-03 00:09:40 INFO  c.j.p.s.JwtAuthenticationFilter - JWT Token found for user: osama
2026-02-03 00:09:40 INFO  c.j.p.s.JwtAuthenticationFilter - JWT authentication successful for user: osama
2026-02-03 00:09:52 INFO  c.j.p.s.JwtAuthenticationFilter - JWT Token found for user: osama
2026-02-03 00:09:52 INFO  c.j.p.s.JwtAuthenticationFilter - JWT authentication successful for user: osama
2026-02-03 00:09:56 INFO  c.j.p.s.JwtAuthenticationFilter - JWT Token found for user: osama
2026-02-03 00:09:56 INFO  c.j.p.s.JwtAuthenticationFilter - JWT authentication successful for user: osama
2026-02-03 00:09:59 INFO  c.j.p.s.JwtAuthenticationFilter - JWT Token found for user: osama
2026-02-03 00:09:59 INFO  c.j.p.s.JwtAuthenticationFilter - JWT authentication successful for user: osama
2026-02-03 00:10:09 INFO  c.j.p.s.JwtAuthenticationFilter - JWT Token found for user: osama
2026-02-03 00:10:09 INFO  c.j.p.s.JwtAuthenticationFilter - JWT authentication successful for user: osama
2026-02-03 00:10:20 INFO  c.j.p.s.JwtAuthenticationFilter - JWT Token found for user: osama
2026-02-03 00:10:20 INFO  c.j.p.s.JwtAuthenticationFilter - JWT authentication successful for user: osama
2026-02-03 00:10:20 INFO  c.j.pos.service.CheckoutService - Financial Transaction Persisted: Sale ID 0PC409P10H4VZ | Total: 39892.50000 | Old Gold: 0 | Net Paid: 39892.50000
2026-02-03 00:10:20 INFO  c.j.pos.service.CheckoutService - Hardware disabled in settings. Skipping cash drawer/printer.
2026-02-03 00:10:35 INFO  o.s.b.w.e.tomcat.GracefulShutdown - Commencing graceful shutdown. Waiting for active requests to complete
2026-02-03 00:10:35 INFO  o.s.b.w.e.tomcat.GracefulShutdown - Graceful shutdown complete
2026-02-03 00:10:35 INFO  o.s.o.j.LocalContainerEntityManagerFactoryBean - Closing JPA EntityManagerFactory for persistence unit 'default'
2026-02-03 00:10:35 INFO  com.zaxxer.hikari.HikariDataSource - HikariPool-1 - Shutdown initiated...
2026-02-03 00:10:35 INFO  com.zaxxer.hikari.HikariDataSource - HikariPool-1 - Shutdown completed.
