2026-01-21 23:37:18 INFO  o.h.validator.internal.util.Version - HV000001: Hibernate Validator 8.0.2.Final
2026-01-21 23:37:18 INFO  c.jewelry.pos.JewelryShopApplication - Starting JewelryShopApplication using Java 21.0.6 with PID 20748 (C:\Silicon\Examples\jewelry_shop\jewelry\target\classes started by 148533 in C:\Silicon\Examples\jewelry_shop\jewelry)
2026-01-21 23:37:18 INFO  c.jewelry.pos.JewelryShopApplication - No active profile set, falling back to 1 default profile: "default"
2026-01-21 23:37:21 INFO  o.s.d.r.c.RepositoryConfigurationDelegate - Bootstrapping Spring Data JPA repositories in DEFAULT mode.
2026-01-21 23:37:21 INFO  o.s.d.r.c.RepositoryConfigurationDelegate - Finished Spring Data repository scanning in 104 ms. Found 10 JPA repository interfaces.
2026-01-21 23:37:23 INFO  o.s.b.w.e.tomcat.TomcatWebServer - Tomcat initialized with port 8080 (http)
2026-01-21 23:37:23 INFO  o.a.coyote.http11.Http11NioProtocol - Initializing ProtocolHandler ["http-nio-8080"]
2026-01-21 23:37:23 INFO  o.a.catalina.core.StandardService - Starting service [Tomcat]
2026-01-21 23:37:23 INFO  o.a.catalina.core.StandardEngine - Starting Servlet engine: [Apache Tomcat/10.1.34]
2026-01-21 23:37:23 INFO  o.a.c.c.C.[Tomcat].[localhost].[/] - Initializing Spring embedded WebApplicationContext
2026-01-21 23:37:23 INFO  o.s.b.w.s.c.ServletWebServerApplicationContext - Root WebApplicationContext: initialization completed in 4523 ms
2026-01-21 23:37:23 INFO  com.zaxxer.hikari.HikariDataSource - HikariPool-1 - Starting...
2026-01-21 23:37:24 INFO  com.zaxxer.hikari.pool.HikariPool - HikariPool-1 - Added connection conn1: url=jdbc:h2:file:./data/jewelry_db user=ADMIN_JEWELER
2026-01-21 23:37:24 INFO  com.zaxxer.hikari.HikariDataSource - HikariPool-1 - Start completed.
2026-01-21 23:37:24 INFO  org.flywaydb.core.FlywayExecutor - Database: jdbc:h2:file:./data/jewelry_db (H2 2.3)
2026-01-21 23:37:24 WARN  o.f.c.i.database.base.Database - Flyway upgrade recommended: H2 2.3.232 is newer than this version of Flyway and support has not been tested. The latest supported version of H2 is 2.2.224.
2026-01-21 23:37:24 INFO  o.f.core.internal.command.DbValidate - Successfully validated 1 migration (execution time 00:00.033s)
2026-01-21 23:37:24 INFO  o.f.core.internal.command.DbMigrate - Current version of schema "PUBLIC": 1
2026-01-21 23:37:24 INFO  o.f.core.internal.command.DbMigrate - Schema "PUBLIC" is up to date. No migration necessary.
2026-01-21 23:37:24 INFO  o.h.jpa.internal.util.LogHelper - HHH000204: Processing PersistenceUnitInfo [name: default]
2026-01-21 23:37:24 INFO  org.hibernate.Version - HHH000412: Hibernate ORM core version 6.6.4.Final
2026-01-21 23:37:25 INFO  o.h.c.i.RegionFactoryInitiator - HHH000026: Second-level cache disabled
2026-01-21 23:37:25 INFO  o.hibernate.orm.connections.pooling - HHH10001005: Database info:
	Database JDBC URL [Connecting through datasource 'HikariDataSource (HikariPool-1)']
	Database driver: undefined/unknown
	Database version: 2.3.232
	Autocommit mode: undefined/unknown
	Isolation level: undefined/unknown
	Minimum pool size: undefined/unknown
	Maximum pool size: undefined/unknown
2026-01-21 23:37:25 INFO  o.s.o.j.p.SpringPersistenceUnitInfo - No LoadTimeWeaver setup: ignoring JPA class transformer
2026-01-21 23:37:27 INFO  o.h.e.t.j.p.i.JtaPlatformInitiator - HHH000489: No JTA platform available (set 'hibernate.transaction.jta.platform' to enable JTA platform integration)
2026-01-21 23:37:27 INFO  o.s.o.j.LocalContainerEntityManagerFactoryBean - Initialized JPA EntityManagerFactory for persistence unit 'default'
2026-01-21 23:37:28 INFO  o.s.d.j.r.query.QueryEnhancerFactory - Hibernate is in classpath; If applicable, HQL parser will be used.
2026-01-21 23:37:30 INFO  o.s.s.c.a.a.c.InitializeAuthenticationProviderBeanManagerConfigurer$InitializeAuthenticationProviderManagerConfigurer - Global AuthenticationManager configured with AuthenticationProvider bean with name authenticationProvider
2026-01-21 23:37:30 WARN  o.s.s.c.a.a.c.InitializeUserDetailsBeanManagerConfigurer$InitializeUserDetailsManagerConfigurer - Global AuthenticationManager configured with an AuthenticationProvider bean. UserDetailsService beans will not be used by Spring Security for automatically configuring username/password login. Consider removing the AuthenticationProvider bean. Alternatively, consider using the UserDetailsService in a manually instantiated DaoAuthenticationProvider. If the current configuration is intentional, to turn off this warning, increase the logging level of 'org.springframework.security.config.annotation.authentication.configuration.InitializeUserDetailsBeanManagerConfigurer' to ERROR
2026-01-21 23:37:30 WARN  o.s.b.a.o.j.JpaBaseConfiguration$JpaWebConfiguration - spring.jpa.open-in-view is enabled by default. Therefore, database queries may be performed during view rendering. Explicitly configure spring.jpa.open-in-view to disable this warning
2026-01-21 23:37:31 INFO  o.s.b.a.e.web.EndpointLinksResolver - Exposing 3 endpoints beneath base path '/actuator'
2026-01-21 23:37:32 INFO  o.s.b.a.h.H2ConsoleAutoConfiguration - H2 console available at '/h2-console'. Database available at 'jdbc:h2:file:./data/jewelry_db'
2026-01-21 23:37:32 INFO  o.a.coyote.http11.Http11NioProtocol - Starting ProtocolHandler ["http-nio-8080"]
2026-01-21 23:37:32 INFO  o.s.b.w.e.tomcat.TomcatWebServer - Tomcat started on port 8080 (http) with context path '/'
2026-01-21 23:37:32 INFO  c.jewelry.pos.JewelryShopApplication - Started JewelryShopApplication in 14.282 seconds (process running for 16.042)
2026-01-21 23:37:35 INFO  o.s.b.w.e.tomcat.GracefulShutdown - Commencing graceful shutdown. Waiting for active requests to complete
2026-01-21 23:37:35 INFO  o.s.b.w.e.tomcat.GracefulShutdown - Graceful shutdown complete
2026-01-21 23:37:35 INFO  o.s.o.j.LocalContainerEntityManagerFactoryBean - Closing JPA EntityManagerFactory for persistence unit 'default'
2026-01-21 23:37:35 INFO  com.zaxxer.hikari.HikariDataSource - HikariPool-1 - Shutdown initiated...
2026-01-21 23:37:35 INFO  com.zaxxer.hikari.HikariDataSource - HikariPool-1 - Shutdown completed.
2026-01-21 23:40:07 INFO  o.h.validator.internal.util.Version - HV000001: Hibernate Validator 8.0.2.Final
2026-01-21 23:40:07 INFO  c.jewelry.pos.JewelryShopApplication - Starting JewelryShopApplication using Java 21.0.6 with PID 5104 (C:\Silicon\Examples\jewelry_shop\jewelry\target\classes started by 148533 in C:\Silicon\Examples\jewelry_shop\jewelry)
2026-01-21 23:40:07 INFO  c.jewelry.pos.JewelryShopApplication - No active profile set, falling back to 1 default profile: "default"
2026-01-21 23:40:09 INFO  o.s.d.r.c.RepositoryConfigurationDelegate - Bootstrapping Spring Data JPA repositories in DEFAULT mode.
2026-01-21 23:40:09 INFO  o.s.d.r.c.RepositoryConfigurationDelegate - Finished Spring Data repository scanning in 117 ms. Found 10 JPA repository interfaces.
2026-01-21 23:40:10 INFO  o.s.b.w.e.tomcat.TomcatWebServer - Tomcat initialized with port 8080 (http)
2026-01-21 23:40:10 INFO  o.a.coyote.http11.Http11NioProtocol - Initializing ProtocolHandler ["http-nio-8080"]
2026-01-21 23:40:10 INFO  o.a.catalina.core.StandardService - Starting service [Tomcat]
2026-01-21 23:40:10 INFO  o.a.catalina.core.StandardEngine - Starting Servlet engine: [Apache Tomcat/10.1.34]
2026-01-21 23:40:11 INFO  o.a.c.c.C.[Tomcat].[localhost].[/] - Initializing Spring embedded WebApplicationContext
2026-01-21 23:40:11 INFO  o.s.b.w.s.c.ServletWebServerApplicationContext - Root WebApplicationContext: initialization completed in 3858 ms
2026-01-21 23:40:11 INFO  com.zaxxer.hikari.HikariDataSource - HikariPool-1 - Starting...
2026-01-21 23:40:12 INFO  com.zaxxer.hikari.pool.HikariPool - HikariPool-1 - Added connection conn1: url=jdbc:h2:file:./data/jewelry_db user=ADMIN_JEWELER
2026-01-21 23:40:12 INFO  com.zaxxer.hikari.HikariDataSource - HikariPool-1 - Start completed.
2026-01-21 23:40:12 INFO  org.flywaydb.core.FlywayExecutor - Database: jdbc:h2:file:./data/jewelry_db (H2 2.3)
2026-01-21 23:40:12 WARN  o.f.c.i.database.base.Database - Flyway upgrade recommended: H2 2.3.232 is newer than this version of Flyway and support has not been tested. The latest supported version of H2 is 2.2.224.
2026-01-21 23:40:12 INFO  o.f.core.internal.command.DbValidate - Successfully validated 1 migration (execution time 00:00.032s)
2026-01-21 23:40:12 INFO  o.f.core.internal.command.DbMigrate - Current version of schema "PUBLIC": 1
2026-01-21 23:40:12 INFO  o.f.core.internal.command.DbMigrate - Schema "PUBLIC" is up to date. No migration necessary.
2026-01-21 23:40:12 INFO  o.h.jpa.internal.util.LogHelper - HHH000204: Processing PersistenceUnitInfo [name: default]
2026-01-21 23:40:12 INFO  org.hibernate.Version - HHH000412: Hibernate ORM core version 6.6.4.Final
2026-01-21 23:40:12 INFO  o.h.c.i.RegionFactoryInitiator - HHH000026: Second-level cache disabled
2026-01-21 23:40:13 INFO  o.hibernate.orm.connections.pooling - HHH10001005: Database info:
	Database JDBC URL [Connecting through datasource 'HikariDataSource (HikariPool-1)']
	Database driver: undefined/unknown
	Database version: 2.3.232
	Autocommit mode: undefined/unknown
	Isolation level: undefined/unknown
	Minimum pool size: undefined/unknown
	Maximum pool size: undefined/unknown
2026-01-21 23:40:13 INFO  o.s.o.j.p.SpringPersistenceUnitInfo - No LoadTimeWeaver setup: ignoring JPA class transformer
2026-01-21 23:40:15 INFO  o.h.e.t.j.p.i.JtaPlatformInitiator - HHH000489: No JTA platform available (set 'hibernate.transaction.jta.platform' to enable JTA platform integration)
2026-01-21 23:40:15 INFO  o.s.o.j.LocalContainerEntityManagerFactoryBean - Initialized JPA EntityManagerFactory for persistence unit 'default'
2026-01-21 23:40:16 INFO  o.s.d.j.r.query.QueryEnhancerFactory - Hibernate is in classpath; If applicable, HQL parser will be used.
2026-01-21 23:40:19 INFO  o.s.s.c.a.a.c.InitializeAuthenticationProviderBeanManagerConfigurer$InitializeAuthenticationProviderManagerConfigurer - Global AuthenticationManager configured with AuthenticationProvider bean with name authenticationProvider
2026-01-21 23:40:19 WARN  o.s.s.c.a.a.c.InitializeUserDetailsBeanManagerConfigurer$InitializeUserDetailsManagerConfigurer - Global AuthenticationManager configured with an AuthenticationProvider bean. UserDetailsService beans will not be used by Spring Security for automatically configuring username/password login. Consider removing the AuthenticationProvider bean. Alternatively, consider using the UserDetailsService in a manually instantiated DaoAuthenticationProvider. If the current configuration is intentional, to turn off this warning, increase the logging level of 'org.springframework.security.config.annotation.authentication.configuration.InitializeUserDetailsBeanManagerConfigurer' to ERROR
2026-01-21 23:40:20 WARN  o.s.b.a.o.j.JpaBaseConfiguration$JpaWebConfiguration - spring.jpa.open-in-view is enabled by default. Therefore, database queries may be performed during view rendering. Explicitly configure spring.jpa.open-in-view to disable this warning
2026-01-21 23:40:21 INFO  o.s.b.a.e.web.EndpointLinksResolver - Exposing 3 endpoints beneath base path '/actuator'
2026-01-21 23:40:21 INFO  o.s.b.a.h.H2ConsoleAutoConfiguration - H2 console available at '/h2-console'. Database available at 'jdbc:h2:file:./data/jewelry_db'
2026-01-21 23:40:21 INFO  o.a.coyote.http11.Http11NioProtocol - Starting ProtocolHandler ["http-nio-8080"]
2026-01-21 23:40:22 INFO  o.s.b.w.e.tomcat.TomcatWebServer - Tomcat started on port 8080 (http) with context path '/'
2026-01-21 23:40:22 INFO  c.jewelry.pos.JewelryShopApplication - Started JewelryShopApplication in 15.437 seconds (process running for 15.889)
2026-01-21 23:40:24 INFO  o.a.c.c.C.[Tomcat].[localhost].[/] - Initializing Spring DispatcherServlet 'dispatcherServlet'
2026-01-21 23:40:24 INFO  o.s.web.servlet.DispatcherServlet - Initializing Servlet 'dispatcherServlet'
2026-01-21 23:40:24 INFO  o.s.web.servlet.DispatcherServlet - Completed initialization in 4 ms
2026-01-21 23:40:25 INFO  o.s.api.AbstractOpenApiResource - Init duration for springdoc-openapi is: 692 ms
2026-01-21 23:54:09 INFO  o.s.b.w.e.tomcat.GracefulShutdown - Commencing graceful shutdown. Waiting for active requests to complete
2026-01-21 23:54:09 INFO  o.s.b.w.e.tomcat.GracefulShutdown - Graceful shutdown complete
2026-01-21 23:54:09 INFO  o.s.o.j.LocalContainerEntityManagerFactoryBean - Closing JPA EntityManagerFactory for persistence unit 'default'
2026-01-21 23:54:09 INFO  com.zaxxer.hikari.HikariDataSource - HikariPool-1 - Shutdown initiated...
2026-01-21 23:54:09 INFO  com.zaxxer.hikari.HikariDataSource - HikariPool-1 - Shutdown completed.
2026-01-21 23:54:24 INFO  o.h.validator.internal.util.Version - HV000001: Hibernate Validator 8.0.2.Final
2026-01-21 23:54:24 INFO  c.jewelry.pos.JewelryShopApplication - Starting JewelryShopApplication using Java 21.0.6 with PID 17068 (C:\Silicon\Examples\jewelry_shop\jewelry\target\classes started by 148533 in C:\Silicon\Examples\jewelry_shop\jewelry)
2026-01-21 23:54:24 INFO  c.jewelry.pos.JewelryShopApplication - No active profile set, falling back to 1 default profile: "default"
2026-01-21 23:54:28 INFO  o.s.d.r.c.RepositoryConfigurationDelegate - Bootstrapping Spring Data JPA repositories in DEFAULT mode.
2026-01-21 23:54:28 INFO  o.s.d.r.c.RepositoryConfigurationDelegate - Finished Spring Data repository scanning in 124 ms. Found 10 JPA repository interfaces.
2026-01-21 23:54:30 INFO  o.s.b.w.e.tomcat.TomcatWebServer - Tomcat initialized with port 8080 (http)
2026-01-21 23:54:30 INFO  o.a.coyote.http11.Http11NioProtocol - Initializing ProtocolHandler ["http-nio-8080"]
2026-01-21 23:54:30 INFO  o.a.catalina.core.StandardService - Starting service [Tomcat]
2026-01-21 23:54:30 INFO  o.a.catalina.core.StandardEngine - Starting Servlet engine: [Apache Tomcat/10.1.34]
2026-01-21 23:54:30 INFO  o.a.c.c.C.[Tomcat].[localhost].[/] - Initializing Spring embedded WebApplicationContext
2026-01-21 23:54:30 INFO  o.s.b.w.s.c.ServletWebServerApplicationContext - Root WebApplicationContext: initialization completed in 5707 ms
2026-01-21 23:54:31 INFO  com.zaxxer.hikari.HikariDataSource - HikariPool-1 - Starting...
2026-01-21 23:54:32 INFO  com.zaxxer.hikari.pool.HikariPool - HikariPool-1 - Added connection conn1: url=jdbc:h2:file:./data/jewelry_db user=ADMIN_JEWELER
2026-01-21 23:54:32 INFO  com.zaxxer.hikari.HikariDataSource - HikariPool-1 - Start completed.
2026-01-21 23:54:32 INFO  org.flywaydb.core.FlywayExecutor - Database: jdbc:h2:file:./data/jewelry_db (H2 2.3)
2026-01-21 23:54:32 WARN  o.f.c.i.database.base.Database - Flyway upgrade recommended: H2 2.3.232 is newer than this version of Flyway and support has not been tested. The latest supported version of H2 is 2.2.224.
2026-01-21 23:54:32 INFO  o.f.core.internal.command.DbValidate - Successfully validated 1 migration (execution time 00:00.047s)
2026-01-21 23:54:32 INFO  o.f.core.internal.command.DbMigrate - Current version of schema "PUBLIC": 1
2026-01-21 23:54:32 INFO  o.f.core.internal.command.DbMigrate - Schema "PUBLIC" is up to date. No migration necessary.
2026-01-21 23:54:32 INFO  o.h.jpa.internal.util.LogHelper - HHH000204: Processing PersistenceUnitInfo [name: default]
2026-01-21 23:54:32 INFO  org.hibernate.Version - HHH000412: Hibernate ORM core version 6.6.4.Final
2026-01-21 23:54:33 INFO  o.h.c.i.RegionFactoryInitiator - HHH000026: Second-level cache disabled
2026-01-21 23:54:33 INFO  o.hibernate.orm.connections.pooling - HHH10001005: Database info:
	Database JDBC URL [Connecting through datasource 'HikariDataSource (HikariPool-1)']
	Database driver: undefined/unknown
	Database version: 2.3.232
	Autocommit mode: undefined/unknown
	Isolation level: undefined/unknown
	Minimum pool size: undefined/unknown
	Maximum pool size: undefined/unknown
2026-01-21 23:54:34 INFO  o.s.o.j.p.SpringPersistenceUnitInfo - No LoadTimeWeaver setup: ignoring JPA class transformer
2026-01-21 23:54:38 INFO  o.h.e.t.j.p.i.JtaPlatformInitiator - HHH000489: No JTA platform available (set 'hibernate.transaction.jta.platform' to enable JTA platform integration)
2026-01-21 23:54:38 INFO  o.s.o.j.LocalContainerEntityManagerFactoryBean - Initialized JPA EntityManagerFactory for persistence unit 'default'
2026-01-21 23:54:39 INFO  o.s.d.j.r.query.QueryEnhancerFactory - Hibernate is in classpath; If applicable, HQL parser will be used.
2026-01-21 23:54:43 INFO  o.s.s.c.a.a.c.InitializeAuthenticationProviderBeanManagerConfigurer$InitializeAuthenticationProviderManagerConfigurer - Global AuthenticationManager configured with AuthenticationProvider bean with name authenticationProvider
2026-01-21 23:54:43 WARN  o.s.s.c.a.a.c.InitializeUserDetailsBeanManagerConfigurer$InitializeUserDetailsManagerConfigurer - Global AuthenticationManager configured with an AuthenticationProvider bean. UserDetailsService beans will not be used by Spring Security for automatically configuring username/password login. Consider removing the AuthenticationProvider bean. Alternatively, consider using the UserDetailsService in a manually instantiated DaoAuthenticationProvider. If the current configuration is intentional, to turn off this warning, increase the logging level of 'org.springframework.security.config.annotation.authentication.configuration.InitializeUserDetailsBeanManagerConfigurer' to ERROR
2026-01-21 23:54:44 WARN  o.s.b.a.o.j.JpaBaseConfiguration$JpaWebConfiguration - spring.jpa.open-in-view is enabled by default. Therefore, database queries may be performed during view rendering. Explicitly configure spring.jpa.open-in-view to disable this warning
2026-01-21 23:54:45 INFO  o.s.b.a.e.web.EndpointLinksResolver - Exposing 3 endpoints beneath base path '/actuator'
2026-01-21 23:54:46 INFO  o.s.b.a.h.H2ConsoleAutoConfiguration - H2 console available at '/h2-console'. Database available at 'jdbc:h2:file:./data/jewelry_db'
2026-01-21 23:54:46 INFO  o.a.coyote.http11.Http11NioProtocol - Starting ProtocolHandler ["http-nio-8080"]
2026-01-21 23:54:46 INFO  o.s.b.w.e.tomcat.TomcatWebServer - Tomcat started on port 8080 (http) with context path '/'
2026-01-21 23:54:46 INFO  c.jewelry.pos.JewelryShopApplication - Started JewelryShopApplication in 22.892 seconds (process running for 25.218)
2026-01-21 23:54:59 INFO  o.a.c.c.C.[Tomcat].[localhost].[/] - Initializing Spring DispatcherServlet 'dispatcherServlet'
2026-01-21 23:54:59 INFO  o.s.web.servlet.DispatcherServlet - Initializing Servlet 'dispatcherServlet'
2026-01-21 23:54:59 INFO  o.s.web.servlet.DispatcherServlet - Completed initialization in 0 ms
2026-01-21 23:54:59 WARN  c.j.p.s.JwtAuthenticationFilter - No Authorization header found or invalid format
2026-01-21 23:55:01 INFO  c.j.p.s.JwtAuthenticationFilter - JWT Token found for user: super_admin
2026-01-21 23:55:01 INFO  c.j.p.s.JwtAuthenticationFilter - JWT Token found for user: super_admin
2026-01-21 23:55:01 INFO  c.j.p.s.JwtAuthenticationFilter - JWT authentication successful for user: super_admin
2026-01-21 23:55:01 INFO  c.j.p.s.JwtAuthenticationFilter - JWT authentication successful for user: super_admin
2026-01-21 23:56:01 INFO  c.j.p.s.JwtAuthenticationFilter - JWT Token found for user: super_admin
2026-01-21 23:56:01 INFO  c.j.p.s.JwtAuthenticationFilter - JWT authentication successful for user: super_admin
2026-01-21 23:56:11 INFO  o.s.b.w.e.tomcat.GracefulShutdown - Commencing graceful shutdown. Waiting for active requests to complete
2026-01-21 23:56:11 INFO  o.s.b.w.e.tomcat.GracefulShutdown - Graceful shutdown complete
2026-01-21 23:56:11 INFO  o.s.o.j.LocalContainerEntityManagerFactoryBean - Closing JPA EntityManagerFactory for persistence unit 'default'
2026-01-21 23:56:11 INFO  com.zaxxer.hikari.HikariDataSource - HikariPool-1 - Shutdown initiated...
2026-01-21 23:56:11 INFO  com.zaxxer.hikari.HikariDataSource - HikariPool-1 - Shutdown completed.
2026-01-21 23:57:06 INFO  o.h.validator.internal.util.Version - HV000001: Hibernate Validator 8.0.2.Final
2026-01-21 23:57:06 INFO  c.jewelry.pos.JewelryShopApplication - Starting JewelryShopApplication using Java 21.0.6 with PID 16368 (C:\Silicon\Examples\jewelry_shop\jewelry\target\classes started by 148533 in C:\Silicon\Examples\jewelry_shop\jewelry)
2026-01-21 23:57:06 INFO  c.jewelry.pos.JewelryShopApplication - No active profile set, falling back to 1 default profile: "default"
2026-01-21 23:57:08 INFO  o.s.d.r.c.RepositoryConfigurationDelegate - Bootstrapping Spring Data JPA repositories in DEFAULT mode.
2026-01-21 23:57:08 INFO  o.s.d.r.c.RepositoryConfigurationDelegate - Finished Spring Data repository scanning in 112 ms. Found 10 JPA repository interfaces.
2026-01-21 23:57:10 INFO  o.s.b.w.e.tomcat.TomcatWebServer - Tomcat initialized with port 8080 (http)
2026-01-21 23:57:10 INFO  o.a.coyote.http11.Http11NioProtocol - Initializing ProtocolHandler ["http-nio-8080"]
2026-01-21 23:57:10 INFO  o.a.catalina.core.StandardService - Starting service [Tomcat]
2026-01-21 23:57:10 INFO  o.a.catalina.core.StandardEngine - Starting Servlet engine: [Apache Tomcat/10.1.34]
2026-01-21 23:57:10 INFO  o.a.c.c.C.[Tomcat].[localhost].[/] - Initializing Spring embedded WebApplicationContext
2026-01-21 23:57:10 INFO  o.s.b.w.s.c.ServletWebServerApplicationContext - Root WebApplicationContext: initialization completed in 4063 ms
2026-01-21 23:57:11 INFO  com.zaxxer.hikari.HikariDataSource - HikariPool-1 - Starting...
2026-01-21 23:57:12 INFO  com.zaxxer.hikari.pool.HikariPool - HikariPool-1 - Added connection conn1: url=jdbc:h2:file:./data/jewelry_db user=ADMIN_JEWELER
2026-01-21 23:57:12 INFO  com.zaxxer.hikari.HikariDataSource - HikariPool-1 - Start completed.
2026-01-21 23:57:12 INFO  org.flywaydb.core.FlywayExecutor - Database: jdbc:h2:file:./data/jewelry_db (H2 2.3)
2026-01-21 23:57:12 WARN  o.f.c.i.database.base.Database - Flyway upgrade recommended: H2 2.3.232 is newer than this version of Flyway and support has not been tested. The latest supported version of H2 is 2.2.224.
2026-01-21 23:57:12 INFO  o.f.core.internal.command.DbValidate - Successfully validated 1 migration (execution time 00:00.044s)
2026-01-21 23:57:12 INFO  o.f.core.internal.command.DbMigrate - Current version of schema "PUBLIC": 1
2026-01-21 23:57:12 INFO  o.f.core.internal.command.DbMigrate - Schema "PUBLIC" is up to date. No migration necessary.
2026-01-21 23:57:12 INFO  o.h.jpa.internal.util.LogHelper - HHH000204: Processing PersistenceUnitInfo [name: default]
2026-01-21 23:57:12 INFO  org.hibernate.Version - HHH000412: Hibernate ORM core version 6.6.4.Final
2026-01-21 23:57:13 INFO  o.h.c.i.RegionFactoryInitiator - HHH000026: Second-level cache disabled
2026-01-21 23:57:13 INFO  o.hibernate.orm.connections.pooling - HHH10001005: Database info:
	Database JDBC URL [Connecting through datasource 'HikariDataSource (HikariPool-1)']
	Database driver: undefined/unknown
	Database version: 2.3.232
	Autocommit mode: undefined/unknown
	Isolation level: undefined/unknown
	Minimum pool size: undefined/unknown
	Maximum pool size: undefined/unknown
2026-01-21 23:57:13 INFO  o.s.o.j.p.SpringPersistenceUnitInfo - No LoadTimeWeaver setup: ignoring JPA class transformer
2026-01-21 23:57:15 INFO  o.h.e.t.j.p.i.JtaPlatformInitiator - HHH000489: No JTA platform available (set 'hibernate.transaction.jta.platform' to enable JTA platform integration)
2026-01-21 23:57:15 INFO  o.s.o.j.LocalContainerEntityManagerFactoryBean - Initialized JPA EntityManagerFactory for persistence unit 'default'
2026-01-21 23:57:17 INFO  o.s.d.j.r.query.QueryEnhancerFactory - Hibernate is in classpath; If applicable, HQL parser will be used.
2026-01-21 23:57:20 INFO  o.s.s.c.a.a.c.InitializeAuthenticationProviderBeanManagerConfigurer$InitializeAuthenticationProviderManagerConfigurer - Global AuthenticationManager configured with AuthenticationProvider bean with name authenticationProvider
2026-01-21 23:57:20 WARN  o.s.s.c.a.a.c.InitializeUserDetailsBeanManagerConfigurer$InitializeUserDetailsManagerConfigurer - Global AuthenticationManager configured with an AuthenticationProvider bean. UserDetailsService beans will not be used by Spring Security for automatically configuring username/password login. Consider removing the AuthenticationProvider bean. Alternatively, consider using the UserDetailsService in a manually instantiated DaoAuthenticationProvider. If the current configuration is intentional, to turn off this warning, increase the logging level of 'org.springframework.security.config.annotation.authentication.configuration.InitializeUserDetailsBeanManagerConfigurer' to ERROR
2026-01-21 23:57:20 WARN  o.s.b.a.o.j.JpaBaseConfiguration$JpaWebConfiguration - spring.jpa.open-in-view is enabled by default. Therefore, database queries may be performed during view rendering. Explicitly configure spring.jpa.open-in-view to disable this warning
2026-01-21 23:57:21 INFO  o.s.b.a.e.web.EndpointLinksResolver - Exposing 3 endpoints beneath base path '/actuator'
2026-01-21 23:57:22 INFO  o.s.b.a.h.H2ConsoleAutoConfiguration - H2 console available at '/h2-console'. Database available at 'jdbc:h2:file:./data/jewelry_db'
2026-01-21 23:57:22 INFO  o.a.coyote.http11.Http11NioProtocol - Starting ProtocolHandler ["http-nio-8080"]
2026-01-21 23:57:22 INFO  o.s.b.w.e.tomcat.TomcatWebServer - Tomcat started on port 8080 (http) with context path '/'
2026-01-21 23:57:22 INFO  c.jewelry.pos.JewelryShopApplication - Started JewelryShopApplication in 17.064 seconds (process running for 17.972)
2026-01-21 23:57:37 INFO  o.a.c.c.C.[Tomcat].[localhost].[/] - Initializing Spring DispatcherServlet 'dispatcherServlet'
2026-01-21 23:57:37 INFO  o.s.web.servlet.DispatcherServlet - Initializing Servlet 'dispatcherServlet'
2026-01-21 23:57:37 INFO  o.s.web.servlet.DispatcherServlet - Completed initialization in 3 ms
2026-01-21 23:57:37 WARN  c.j.p.s.JwtAuthenticationFilter - No Authorization header found or invalid format
2026-01-21 23:57:38 INFO  c.j.p.s.JwtAuthenticationFilter - JWT Token found for user: super_admin
2026-01-21 23:57:38 INFO  c.j.p.s.JwtAuthenticationFilter - JWT Token found for user: super_admin
2026-01-21 23:57:38 INFO  c.j.p.s.JwtAuthenticationFilter - JWT authentication successful for user: super_admin
2026-01-21 23:57:38 INFO  c.j.p.s.JwtAuthenticationFilter - JWT authentication successful for user: super_admin
2026-01-21 23:57:48 INFO  c.j.p.s.JwtAuthenticationFilter - JWT Token found for user: super_admin
2026-01-21 23:57:48 INFO  c.j.p.s.JwtAuthenticationFilter - JWT Token found for user: super_admin
2026-01-21 23:57:48 INFO  c.j.p.s.JwtAuthenticationFilter - JWT authentication successful for user: super_admin
2026-01-21 23:57:48 INFO  c.j.p.s.JwtAuthenticationFilter - JWT authentication successful for user: super_admin
2026-01-21 23:58:48 INFO  c.j.p.s.JwtAuthenticationFilter - JWT Token found for user: super_admin
2026-01-21 23:58:48 INFO  c.j.p.s.JwtAuthenticationFilter - JWT authentication successful for user: super_admin
2026-01-21 23:59:06 WARN  c.j.p.s.JwtAuthenticationFilter - No Authorization header found or invalid format
2026-01-21 23:59:12 WARN  c.j.p.s.JwtAuthenticationFilter - No Authorization header found or invalid format
