2026-01-22 00:01:38 INFO  o.s.b.w.e.tomcat.GracefulShutdown - Commencing graceful shutdown. Waiting for active requests to complete
2026-01-22 00:01:38 INFO  o.s.b.w.e.tomcat.GracefulShutdown - Graceful shutdown complete
2026-01-22 00:01:38 INFO  o.s.o.j.LocalContainerEntityManagerFactoryBean - Closing JPA EntityManagerFactory for persistence unit 'default'
2026-01-22 00:01:38 INFO  com.zaxxer.hikari.HikariDataSource - HikariPool-1 - Shutdown initiated...
2026-01-22 00:01:38 INFO  com.zaxxer.hikari.HikariDataSource - HikariPool-1 - Shutdown completed.
2026-01-22 00:01:44 INFO  o.h.validator.internal.util.Version - HV000001: Hibernate Validator 8.0.2.Final
2026-01-22 00:01:44 INFO  c.jewelry.pos.JewelryShopApplication - Starting JewelryShopApplication using Java 21.0.6 with PID 14360 (C:\Silicon\Examples\jewelry_shop\jewelry\target\classes started by 148533 in C:\Silicon\Examples\jewelry_shop\jewelry)
2026-01-22 00:01:44 INFO  c.jewelry.pos.JewelryShopApplication - No active profile set, falling back to 1 default profile: "default"
2026-01-22 00:01:47 INFO  o.s.d.r.c.RepositoryConfigurationDelegate - Bootstrapping Spring Data JPA repositories in DEFAULT mode.
2026-01-22 00:01:47 INFO  o.s.d.r.c.RepositoryConfigurationDelegate - Finished Spring Data repository scanning in 119 ms. Found 10 JPA repository interfaces.
2026-01-22 00:01:49 INFO  o.s.b.w.e.tomcat.TomcatWebServer - Tomcat initialized with port 8080 (http)
2026-01-22 00:01:49 INFO  o.a.coyote.http11.Http11NioProtocol - Initializing ProtocolHandler ["http-nio-8080"]
2026-01-22 00:01:49 INFO  o.a.catalina.core.StandardService - Starting service [Tomcat]
2026-01-22 00:01:49 INFO  o.a.catalina.core.StandardEngine - Starting Servlet engine: [Apache Tomcat/10.1.34]
2026-01-22 00:01:49 INFO  o.a.c.c.C.[Tomcat].[localhost].[/] - Initializing Spring embedded WebApplicationContext
2026-01-22 00:01:49 INFO  o.s.b.w.s.c.ServletWebServerApplicationContext - Root WebApplicationContext: initialization completed in 4726 ms
2026-01-22 00:01:50 INFO  com.zaxxer.hikari.HikariDataSource - HikariPool-1 - Starting...
2026-01-22 00:01:51 INFO  com.zaxxer.hikari.pool.HikariPool - HikariPool-1 - Added connection conn1: url=jdbc:h2:file:./data/jewelry_db user=ADMIN_JEWELER
2026-01-22 00:01:51 INFO  com.zaxxer.hikari.HikariDataSource - HikariPool-1 - Start completed.
2026-01-22 00:01:51 INFO  org.flywaydb.core.FlywayExecutor - Database: jdbc:h2:file:./data/jewelry_db (H2 2.3)
2026-01-22 00:01:51 WARN  o.f.c.i.database.base.Database - Flyway upgrade recommended: H2 2.3.232 is newer than this version of Flyway and support has not been tested. The latest supported version of H2 is 2.2.224.
2026-01-22 00:01:51 INFO  o.f.core.internal.command.DbValidate - Successfully validated 1 migration (execution time 00:00.053s)
2026-01-22 00:01:51 INFO  o.f.core.internal.command.DbMigrate - Current version of schema "PUBLIC": 1
2026-01-22 00:01:51 INFO  o.f.core.internal.command.DbMigrate - Schema "PUBLIC" is up to date. No migration necessary.
2026-01-22 00:01:51 INFO  o.h.jpa.internal.util.LogHelper - HHH000204: Processing PersistenceUnitInfo [name: default]
2026-01-22 00:01:51 INFO  org.hibernate.Version - HHH000412: Hibernate ORM core version 6.6.4.Final
2026-01-22 00:01:52 INFO  o.h.c.i.RegionFactoryInitiator - HHH000026: Second-level cache disabled
2026-01-22 00:01:52 INFO  o.hibernate.orm.connections.pooling - HHH10001005: Database info:
	Database JDBC URL [Connecting through datasource 'HikariDataSource (HikariPool-1)']
	Database driver: undefined/unknown
	Database version: 2.3.232
	Autocommit mode: undefined/unknown
	Isolation level: undefined/unknown
	Minimum pool size: undefined/unknown
	Maximum pool size: undefined/unknown
2026-01-22 00:01:52 INFO  o.s.o.j.p.SpringPersistenceUnitInfo - No LoadTimeWeaver setup: ignoring JPA class transformer
2026-01-22 00:01:54 INFO  o.h.e.t.j.p.i.JtaPlatformInitiator - HHH000489: No JTA platform available (set 'hibernate.transaction.jta.platform' to enable JTA platform integration)
2026-01-22 00:01:54 INFO  o.s.o.j.LocalContainerEntityManagerFactoryBean - Initialized JPA EntityManagerFactory for persistence unit 'default'
2026-01-22 00:01:56 INFO  o.s.d.j.r.query.QueryEnhancerFactory - Hibernate is in classpath; If applicable, HQL parser will be used.
2026-01-22 00:01:59 INFO  o.s.s.c.a.a.c.InitializeAuthenticationProviderBeanManagerConfigurer$InitializeAuthenticationProviderManagerConfigurer - Global AuthenticationManager configured with AuthenticationProvider bean with name authenticationProvider
2026-01-22 00:01:59 WARN  o.s.s.c.a.a.c.InitializeUserDetailsBeanManagerConfigurer$InitializeUserDetailsManagerConfigurer - Global AuthenticationManager configured with an AuthenticationProvider bean. UserDetailsService beans will not be used by Spring Security for automatically configuring username/password login. Consider removing the AuthenticationProvider bean. Alternatively, consider using the UserDetailsService in a manually instantiated DaoAuthenticationProvider. If the current configuration is intentional, to turn off this warning, increase the logging level of 'org.springframework.security.config.annotation.authentication.configuration.InitializeUserDetailsBeanManagerConfigurer' to ERROR
2026-01-22 00:01:59 WARN  o.s.b.a.o.j.JpaBaseConfiguration$JpaWebConfiguration - spring.jpa.open-in-view is enabled by default. Therefore, database queries may be performed during view rendering. Explicitly configure spring.jpa.open-in-view to disable this warning
2026-01-22 00:02:00 INFO  o.s.b.a.e.web.EndpointLinksResolver - Exposing 3 endpoints beneath base path '/actuator'
2026-01-22 00:02:01 INFO  o.s.b.a.h.H2ConsoleAutoConfiguration - H2 console available at '/h2-console'. Database available at 'jdbc:h2:file:./data/jewelry_db'
2026-01-22 00:02:01 INFO  o.a.coyote.http11.Http11NioProtocol - Starting ProtocolHandler ["http-nio-8080"]
2026-01-22 00:02:01 INFO  o.s.b.w.e.tomcat.TomcatWebServer - Tomcat started on port 8080 (http) with context path '/'
2026-01-22 00:02:01 INFO  c.jewelry.pos.JewelryShopApplication - Started JewelryShopApplication in 18.254 seconds (process running for 19.286)
2026-01-22 00:02:10 INFO  o.a.c.c.C.[Tomcat].[localhost].[/] - Initializing Spring DispatcherServlet 'dispatcherServlet'
2026-01-22 00:02:10 INFO  o.s.web.servlet.DispatcherServlet - Initializing Servlet 'dispatcherServlet'
2026-01-22 00:02:11 INFO  o.s.web.servlet.DispatcherServlet - Completed initialization in 2 ms
2026-01-22 00:02:11 WARN  c.j.p.s.JwtAuthenticationFilter - No Authorization header found or invalid format
2026-01-22 00:02:11 INFO  c.j.p.s.JwtAuthenticationFilter - JWT Token found for user: super_admin
2026-01-22 00:02:11 INFO  c.j.p.s.JwtAuthenticationFilter - JWT Token found for user: super_admin
2026-01-22 00:02:11 INFO  c.j.p.s.JwtAuthenticationFilter - JWT authentication successful for user: super_admin
2026-01-22 00:02:11 INFO  c.j.p.s.JwtAuthenticationFilter - JWT authentication successful for user: super_admin
2026-01-22 00:02:55 WARN  c.j.p.s.JwtAuthenticationFilter - No Authorization header found or invalid format
2026-01-22 00:02:55 INFO  c.j.p.s.JwtAuthenticationFilter - JWT Token found for user: super_admin
2026-01-22 00:02:55 INFO  c.j.p.s.JwtAuthenticationFilter - JWT Token found for user: super_admin
2026-01-22 00:02:55 INFO  c.j.p.s.JwtAuthenticationFilter - JWT authentication successful for user: super_admin
2026-01-22 00:02:55 INFO  c.j.p.s.JwtAuthenticationFilter - JWT authentication successful for user: super_admin
2026-01-22 00:03:55 INFO  c.j.p.s.JwtAuthenticationFilter - JWT Token found for user: super_admin
2026-01-22 00:03:55 INFO  c.j.p.s.JwtAuthenticationFilter - JWT authentication successful for user: super_admin
2026-01-22 00:05:21 WARN  c.j.p.s.JwtAuthenticationFilter - No Authorization header found or invalid format
2026-01-22 00:05:21 WARN  c.j.p.s.JwtAuthenticationFilter - No Authorization header found or invalid format
2026-01-22 00:05:21 WARN  c.j.p.s.JwtAuthenticationFilter - No Authorization header found or invalid format
2026-01-22 00:05:21 WARN  c.j.p.s.JwtAuthenticationFilter - No Authorization header found or invalid format
2026-01-22 00:05:21 WARN  c.j.p.s.JwtAuthenticationFilter - No Authorization header found or invalid format
2026-01-22 00:05:21 WARN  c.j.p.s.JwtAuthenticationFilter - No Authorization header found or invalid format
2026-01-22 00:05:25 WARN  c.j.p.s.JwtAuthenticationFilter - No Authorization header found or invalid format
2026-01-22 00:05:25 WARN  c.j.p.s.JwtAuthenticationFilter - No Authorization header found or invalid format
2026-01-22 00:05:25 WARN  c.j.p.s.JwtAuthenticationFilter - No Authorization header found or invalid format
2026-01-22 00:05:25 WARN  c.j.p.s.JwtAuthenticationFilter - No Authorization header found or invalid format
2026-01-22 00:05:25 WARN  c.j.p.s.JwtAuthenticationFilter - No Authorization header found or invalid format
2026-01-22 00:05:25 WARN  c.j.p.s.JwtAuthenticationFilter - No Authorization header found or invalid format
2026-01-22 00:05:25 WARN  c.j.p.s.JwtAuthenticationFilter - No Authorization header found or invalid format
2026-01-22 00:05:25 WARN  c.j.p.s.JwtAuthenticationFilter - No Authorization header found or invalid format
2026-01-22 00:05:25 WARN  c.j.p.s.JwtAuthenticationFilter - No Authorization header found or invalid format
2026-01-22 00:05:25 WARN  c.j.p.s.JwtAuthenticationFilter - No Authorization header found or invalid format
2026-01-22 00:05:25 WARN  c.j.p.s.JwtAuthenticationFilter - No Authorization header found or invalid format
2026-01-22 00:05:25 WARN  c.j.p.s.JwtAuthenticationFilter - No Authorization header found or invalid format
2026-01-22 00:05:25 WARN  c.j.p.s.JwtAuthenticationFilter - No Authorization header found or invalid format
2026-01-22 00:05:25 WARN  c.j.p.s.JwtAuthenticationFilter - No Authorization header found or invalid format
2026-01-22 00:05:25 WARN  c.j.p.s.JwtAuthenticationFilter - No Authorization header found or invalid format
2026-01-22 00:05:25 WARN  c.j.p.s.JwtAuthenticationFilter - No Authorization header found or invalid format
2026-01-22 00:05:25 WARN  c.j.p.s.JwtAuthenticationFilter - No Authorization header found or invalid format
2026-01-22 00:05:25 WARN  c.j.p.s.JwtAuthenticationFilter - No Authorization header found or invalid format
2026-01-22 00:05:25 WARN  c.j.p.s.JwtAuthenticationFilter - No Authorization header found or invalid format
2026-01-22 00:05:25 WARN  c.j.p.s.JwtAuthenticationFilter - No Authorization header found or invalid format
2026-01-22 00:05:25 WARN  c.j.p.s.JwtAuthenticationFilter - No Authorization header found or invalid format
2026-01-22 00:05:25 WARN  c.j.p.s.JwtAuthenticationFilter - No Authorization header found or invalid format
2026-01-22 00:05:25 WARN  c.j.p.s.JwtAuthenticationFilter - No Authorization header found or invalid format
2026-01-22 00:05:25 WARN  c.j.p.s.JwtAuthenticationFilter - No Authorization header found or invalid format
2026-01-22 00:05:25 WARN  c.j.p.s.JwtAuthenticationFilter - No Authorization header found or invalid format
2026-01-22 00:05:25 WARN  c.j.p.s.JwtAuthenticationFilter - No Authorization header found or invalid format
2026-01-22 00:05:25 WARN  c.j.p.s.JwtAuthenticationFilter - No Authorization header found or invalid format
2026-01-22 00:05:25 WARN  c.j.p.s.JwtAuthenticationFilter - No Authorization header found or invalid format
2026-01-22 00:05:25 WARN  c.j.p.s.JwtAuthenticationFilter - No Authorization header found or invalid format
2026-01-22 00:05:25 WARN  c.j.p.s.JwtAuthenticationFilter - No Authorization header found or invalid format
2026-01-22 00:05:26 WARN  c.j.p.s.JwtAuthenticationFilter - No Authorization header found or invalid format
2026-01-22 00:05:49 WARN  c.j.p.s.JwtAuthenticationFilter - No Authorization header found or invalid format
2026-01-22 00:05:49 WARN  c.j.p.s.JwtAuthenticationFilter - No Authorization header found or invalid format
2026-01-22 00:05:49 WARN  c.j.p.s.JwtAuthenticationFilter - No Authorization header found or invalid format
2026-01-22 00:10:22 INFO  o.s.b.w.e.tomcat.GracefulShutdown - Commencing graceful shutdown. Waiting for active requests to complete
2026-01-22 00:10:22 INFO  o.s.b.w.e.tomcat.GracefulShutdown - Graceful shutdown complete
2026-01-22 00:10:22 INFO  o.s.o.j.LocalContainerEntityManagerFactoryBean - Closing JPA EntityManagerFactory for persistence unit 'default'
2026-01-22 00:10:22 INFO  com.zaxxer.hikari.HikariDataSource - HikariPool-1 - Shutdown initiated...
2026-01-22 00:10:22 INFO  com.zaxxer.hikari.HikariDataSource - HikariPool-1 - Shutdown completed.
2026-01-22 00:12:36 INFO  o.h.validator.internal.util.Version - HV000001: Hibernate Validator 8.0.2.Final
2026-01-22 00:12:36 INFO  c.jewelry.pos.JewelryShopApplication - Starting JewelryShopApplication using Java 21.0.6 with PID 20828 (C:\Silicon\Examples\jewelry_shop\jewelry\target\classes started by 148533 in C:\Silicon\Examples\jewelry_shop\jewelry)
2026-01-22 00:12:36 INFO  c.jewelry.pos.JewelryShopApplication - No active profile set, falling back to 1 default profile: "default"
2026-01-22 00:12:39 INFO  o.s.d.r.c.RepositoryConfigurationDelegate - Bootstrapping Spring Data JPA repositories in DEFAULT mode.
2026-01-22 00:12:39 INFO  o.s.d.r.c.RepositoryConfigurationDelegate - Finished Spring Data repository scanning in 124 ms. Found 10 JPA repository interfaces.
2026-01-22 00:12:41 INFO  o.s.b.w.e.tomcat.TomcatWebServer - Tomcat initialized with port 8080 (http)
2026-01-22 00:12:41 INFO  o.a.coyote.http11.Http11NioProtocol - Initializing ProtocolHandler ["http-nio-8080"]
2026-01-22 00:12:41 INFO  o.a.catalina.core.StandardService - Starting service [Tomcat]
2026-01-22 00:12:41 INFO  o.a.catalina.core.StandardEngine - Starting Servlet engine: [Apache Tomcat/10.1.34]
2026-01-22 00:12:41 INFO  o.a.c.c.C.[Tomcat].[localhost].[/] - Initializing Spring embedded WebApplicationContext
2026-01-22 00:12:41 INFO  o.s.b.w.s.c.ServletWebServerApplicationContext - Root WebApplicationContext: initialization completed in 4908 ms
2026-01-22 00:12:42 INFO  com.zaxxer.hikari.HikariDataSource - HikariPool-1 - Starting...
2026-01-22 00:12:43 INFO  com.zaxxer.hikari.pool.HikariPool - HikariPool-1 - Added connection conn1: url=jdbc:h2:file:./data/jewelry_db user=ADMIN_JEWELER
2026-01-22 00:12:43 INFO  com.zaxxer.hikari.HikariDataSource - HikariPool-1 - Start completed.
2026-01-22 00:12:43 INFO  org.flywaydb.core.FlywayExecutor - Database: jdbc:h2:file:./data/jewelry_db (H2 2.3)
2026-01-22 00:12:43 WARN  o.f.c.i.database.base.Database - Flyway upgrade recommended: H2 2.3.232 is newer than this version of Flyway and support has not been tested. The latest supported version of H2 is 2.2.224.
2026-01-22 00:12:43 INFO  o.f.core.internal.command.DbValidate - Successfully validated 1 migration (execution time 00:00.063s)
2026-01-22 00:12:43 INFO  o.f.core.internal.command.DbMigrate - Current version of schema "PUBLIC": 1
2026-01-22 00:12:43 INFO  o.f.core.internal.command.DbMigrate - Schema "PUBLIC" is up to date. No migration necessary.
2026-01-22 00:12:43 INFO  o.h.jpa.internal.util.LogHelper - HHH000204: Processing PersistenceUnitInfo [name: default]
2026-01-22 00:12:43 INFO  org.hibernate.Version - HHH000412: Hibernate ORM core version 6.6.4.Final
2026-01-22 00:12:43 INFO  o.h.c.i.RegionFactoryInitiator - HHH000026: Second-level cache disabled
2026-01-22 00:12:44 INFO  o.hibernate.orm.connections.pooling - HHH10001005: Database info:
	Database JDBC URL [Connecting through datasource 'HikariDataSource (HikariPool-1)']
	Database driver: undefined/unknown
	Database version: 2.3.232
	Autocommit mode: undefined/unknown
	Isolation level: undefined/unknown
	Minimum pool size: undefined/unknown
	Maximum pool size: undefined/unknown
2026-01-22 00:12:44 INFO  o.s.o.j.p.SpringPersistenceUnitInfo - No LoadTimeWeaver setup: ignoring JPA class transformer
2026-01-22 00:12:46 INFO  o.h.e.t.j.p.i.JtaPlatformInitiator - HHH000489: No JTA platform available (set 'hibernate.transaction.jta.platform' to enable JTA platform integration)
2026-01-22 00:12:46 INFO  o.s.o.j.LocalContainerEntityManagerFactoryBean - Initialized JPA EntityManagerFactory for persistence unit 'default'
2026-01-22 00:12:47 INFO  o.s.d.j.r.query.QueryEnhancerFactory - Hibernate is in classpath; If applicable, HQL parser will be used.
2026-01-22 00:12:50 INFO  o.s.s.c.a.a.c.InitializeAuthenticationProviderBeanManagerConfigurer$InitializeAuthenticationProviderManagerConfigurer - Global AuthenticationManager configured with AuthenticationProvider bean with name authenticationProvider
2026-01-22 00:12:50 WARN  o.s.s.c.a.a.c.InitializeUserDetailsBeanManagerConfigurer$InitializeUserDetailsManagerConfigurer - Global AuthenticationManager configured with an AuthenticationProvider bean. UserDetailsService beans will not be used by Spring Security for automatically configuring username/password login. Consider removing the AuthenticationProvider bean. Alternatively, consider using the UserDetailsService in a manually instantiated DaoAuthenticationProvider. If the current configuration is intentional, to turn off this warning, increase the logging level of 'org.springframework.security.config.annotation.authentication.configuration.InitializeUserDetailsBeanManagerConfigurer' to ERROR
2026-01-22 00:12:50 WARN  o.s.b.a.o.j.JpaBaseConfiguration$JpaWebConfiguration - spring.jpa.open-in-view is enabled by default. Therefore, database queries may be performed during view rendering. Explicitly configure spring.jpa.open-in-view to disable this warning
2026-01-22 00:12:51 INFO  o.s.b.a.e.web.EndpointLinksResolver - Exposing 3 endpoints beneath base path '/actuator'
2026-01-22 00:12:52 INFO  o.s.b.a.h.H2ConsoleAutoConfiguration - H2 console available at '/h2-console'. Database available at 'jdbc:h2:file:./data/jewelry_db'
2026-01-22 00:12:52 INFO  o.a.coyote.http11.Http11NioProtocol - Starting ProtocolHandler ["http-nio-8080"]
2026-01-22 00:12:52 INFO  o.s.b.w.e.tomcat.TomcatWebServer - Tomcat started on port 8080 (http) with context path '/'
2026-01-22 00:12:52 INFO  c.jewelry.pos.JewelryShopApplication - Started JewelryShopApplication in 16.704 seconds (process running for 18.8)
2026-01-22 00:14:12 INFO  o.a.c.c.C.[Tomcat].[localhost].[/] - Initializing Spring DispatcherServlet 'dispatcherServlet'
2026-01-22 00:14:12 INFO  o.s.web.servlet.DispatcherServlet - Initializing Servlet 'dispatcherServlet'
2026-01-22 00:14:12 INFO  o.s.web.servlet.DispatcherServlet - Completed initialization in 1 ms
2026-01-22 00:14:12 WARN  c.j.p.s.JwtAuthenticationFilter - No Authorization header found or invalid format
2026-01-22 00:14:13 INFO  c.j.p.s.JwtAuthenticationFilter - JWT Token found for user: super_admin
2026-01-22 00:14:13 INFO  c.j.p.s.JwtAuthenticationFilter - JWT Token found for user: super_admin
2026-01-22 00:14:13 INFO  c.j.p.s.JwtAuthenticationFilter - JWT authentication successful for user: super_admin
2026-01-22 00:14:13 INFO  c.j.p.s.JwtAuthenticationFilter - JWT authentication successful for user: super_admin
2026-01-22 00:15:13 INFO  c.j.p.s.JwtAuthenticationFilter - JWT Token found for user: super_admin
2026-01-22 00:15:13 INFO  c.j.p.s.JwtAuthenticationFilter - JWT authentication successful for user: super_admin
2026-01-22 00:18:07 INFO  c.j.p.s.JwtAuthenticationFilter - JWT Token found for user: super_admin
2026-01-22 00:18:07 INFO  c.j.p.s.JwtAuthenticationFilter - JWT Token found for user: super_admin
2026-01-22 00:18:07 INFO  c.j.p.s.JwtAuthenticationFilter - JWT authentication successful for user: super_admin
2026-01-22 00:18:07 INFO  c.j.p.s.JwtAuthenticationFilter - JWT authentication successful for user: super_admin
2026-01-22 00:19:07 INFO  c.j.p.s.JwtAuthenticationFilter - JWT Token found for user: super_admin
2026-01-22 00:19:07 INFO  c.j.p.s.JwtAuthenticationFilter - JWT authentication successful for user: super_admin
2026-01-22 00:19:17 INFO  c.j.p.s.JwtAuthenticationFilter - JWT Token found for user: super_admin
2026-01-22 00:19:17 INFO  c.j.p.s.JwtAuthenticationFilter - JWT Token found for user: super_admin
2026-01-22 00:19:17 INFO  c.j.p.s.JwtAuthenticationFilter - JWT authentication successful for user: super_admin
2026-01-22 00:19:17 INFO  c.j.p.s.JwtAuthenticationFilter - JWT authentication successful for user: super_admin
2026-01-22 00:19:19 INFO  c.j.p.s.JwtAuthenticationFilter - JWT Token found for user: super_admin
2026-01-22 00:19:19 INFO  c.j.p.s.JwtAuthenticationFilter - JWT Token found for user: super_admin
2026-01-22 00:19:19 INFO  c.j.p.s.JwtAuthenticationFilter - JWT authentication successful for user: super_admin
2026-01-22 00:19:19 INFO  c.j.p.s.JwtAuthenticationFilter - JWT authentication successful for user: super_admin
2026-01-22 00:19:20 INFO  c.j.p.s.JwtAuthenticationFilter - JWT Token found for user: super_admin
2026-01-22 00:19:20 INFO  c.j.p.s.JwtAuthenticationFilter - JWT Token found for user: super_admin
2026-01-22 00:19:20 INFO  c.j.p.s.JwtAuthenticationFilter - JWT authentication successful for user: super_admin
2026-01-22 00:19:20 INFO  c.j.p.s.JwtAuthenticationFilter - JWT authentication successful for user: super_admin
2026-01-22 00:19:56 INFO  c.j.p.s.JwtAuthenticationFilter - JWT Token found for user: super_admin
2026-01-22 00:19:56 INFO  c.j.p.s.JwtAuthenticationFilter - JWT Token found for user: super_admin
2026-01-22 00:19:56 INFO  c.j.p.s.JwtAuthenticationFilter - JWT authentication successful for user: super_admin
2026-01-22 00:19:56 INFO  c.j.p.s.JwtAuthenticationFilter - JWT authentication successful for user: super_admin
2026-01-22 00:22:30 INFO  c.j.p.s.JwtAuthenticationFilter - JWT Token found for user: super_admin
2026-01-22 00:22:30 INFO  c.j.p.s.JwtAuthenticationFilter - JWT authentication successful for user: super_admin
2026-01-22 00:22:30 INFO  c.j.p.s.JwtAuthenticationFilter - JWT Token found for user: super_admin
2026-01-22 00:22:30 INFO  c.j.p.s.JwtAuthenticationFilter - JWT Token found for user: super_admin
2026-01-22 00:22:30 INFO  c.j.p.s.JwtAuthenticationFilter - JWT authentication successful for user: super_admin
2026-01-22 00:22:30 INFO  c.j.p.s.JwtAuthenticationFilter - JWT authentication successful for user: super_admin
2026-01-22 00:23:30 INFO  c.j.p.s.JwtAuthenticationFilter - JWT Token found for user: super_admin
2026-01-22 00:23:30 INFO  c.j.p.s.JwtAuthenticationFilter - JWT authentication successful for user: super_admin
2026-01-22 00:26:07 INFO  c.j.p.s.JwtAuthenticationFilter - JWT Token found for user: super_admin
2026-01-22 00:26:07 INFO  c.j.p.s.JwtAuthenticationFilter - JWT Token found for user: super_admin
2026-01-22 00:26:07 INFO  c.j.p.s.JwtAuthenticationFilter - JWT authentication successful for user: super_admin
2026-01-22 00:26:07 INFO  c.j.p.s.JwtAuthenticationFilter - JWT authentication successful for user: super_admin
2026-01-22 00:26:08 INFO  c.j.p.s.JwtAuthenticationFilter - JWT Token found for user: super_admin
2026-01-22 00:26:08 INFO  c.j.p.s.JwtAuthenticationFilter - JWT Token found for user: super_admin
2026-01-22 00:26:08 INFO  c.j.p.s.JwtAuthenticationFilter - JWT authentication successful for user: super_admin
2026-01-22 00:26:08 INFO  c.j.p.s.JwtAuthenticationFilter - JWT authentication successful for user: super_admin
2026-01-22 00:27:08 INFO  c.j.p.s.JwtAuthenticationFilter - JWT Token found for user: super_admin
2026-01-22 00:27:08 INFO  c.j.p.s.JwtAuthenticationFilter - JWT authentication successful for user: super_admin
2026-01-22 00:27:23 INFO  o.s.b.w.e.tomcat.GracefulShutdown - Commencing graceful shutdown. Waiting for active requests to complete
2026-01-22 00:27:23 INFO  o.s.b.w.e.tomcat.GracefulShutdown - Graceful shutdown complete
2026-01-22 00:27:23 INFO  o.s.o.j.LocalContainerEntityManagerFactoryBean - Closing JPA EntityManagerFactory for persistence unit 'default'
2026-01-22 00:27:23 INFO  com.zaxxer.hikari.HikariDataSource - HikariPool-1 - Shutdown initiated...
2026-01-22 00:27:23 INFO  com.zaxxer.hikari.HikariDataSource - HikariPool-1 - Shutdown completed.
2026-01-22 00:27:53 INFO  o.h.validator.internal.util.Version - HV000001: Hibernate Validator 8.0.2.Final
2026-01-22 00:27:53 INFO  c.jewelry.pos.JewelryShopApplication - Starting JewelryShopApplication using Java 21.0.6 with PID 14152 (C:\Silicon\Examples\jewelry_shop\jewelry\target\classes started by 148533 in C:\Silicon\Examples\jewelry_shop\jewelry)
2026-01-22 00:27:53 INFO  c.jewelry.pos.JewelryShopApplication - No active profile set, falling back to 1 default profile: "default"
2026-01-22 00:27:58 INFO  o.s.d.r.c.RepositoryConfigurationDelegate - Bootstrapping Spring Data JPA repositories in DEFAULT mode.
2026-01-22 00:27:59 INFO  o.s.d.r.c.RepositoryConfigurationDelegate - Finished Spring Data repository scanning in 142 ms. Found 10 JPA repository interfaces.
2026-01-22 00:28:01 INFO  o.s.b.w.e.tomcat.TomcatWebServer - Tomcat initialized with port 8080 (http)
2026-01-22 00:28:01 INFO  o.a.coyote.http11.Http11NioProtocol - Initializing ProtocolHandler ["http-nio-8080"]
2026-01-22 00:28:01 INFO  o.a.catalina.core.StandardService - Starting service [Tomcat]
2026-01-22 00:28:01 INFO  o.a.catalina.core.StandardEngine - Starting Servlet engine: [Apache Tomcat/10.1.34]
2026-01-22 00:28:01 INFO  o.a.c.c.C.[Tomcat].[localhost].[/] - Initializing Spring embedded WebApplicationContext
2026-01-22 00:28:01 INFO  o.s.b.w.s.c.ServletWebServerApplicationContext - Root WebApplicationContext: initialization completed in 7280 ms
2026-01-22 00:28:02 INFO  com.zaxxer.hikari.HikariDataSource - HikariPool-1 - Starting...
2026-01-22 00:28:02 INFO  com.zaxxer.hikari.pool.HikariPool - HikariPool-1 - Added connection conn1: url=jdbc:h2:file:./data/jewelry_db user=ADMIN_JEWELER
2026-01-22 00:28:02 INFO  com.zaxxer.hikari.HikariDataSource - HikariPool-1 - Start completed.
2026-01-22 00:28:03 INFO  org.flywaydb.core.FlywayExecutor - Database: jdbc:h2:file:./data/jewelry_db (H2 2.3)
2026-01-22 00:28:03 WARN  o.f.c.i.database.base.Database - Flyway upgrade recommended: H2 2.3.232 is newer than this version of Flyway and support has not been tested. The latest supported version of H2 is 2.2.224.
2026-01-22 00:28:03 INFO  o.f.core.internal.command.DbValidate - Successfully validated 1 migration (execution time 00:00.048s)
2026-01-22 00:28:03 INFO  o.f.core.internal.command.DbMigrate - Current version of schema "PUBLIC": 1
2026-01-22 00:28:03 INFO  o.f.core.internal.command.DbMigrate - Schema "PUBLIC" is up to date. No migration necessary.
2026-01-22 00:28:03 INFO  o.h.jpa.internal.util.LogHelper - HHH000204: Processing PersistenceUnitInfo [name: default]
2026-01-22 00:28:03 INFO  org.hibernate.Version - HHH000412: Hibernate ORM core version 6.6.4.Final
2026-01-22 00:28:03 INFO  o.h.c.i.RegionFactoryInitiator - HHH000026: Second-level cache disabled
2026-01-22 00:28:03 INFO  o.hibernate.orm.connections.pooling - HHH10001005: Database info:
	Database JDBC URL [Connecting through datasource 'HikariDataSource (HikariPool-1)']
	Database driver: undefined/unknown
	Database version: 2.3.232
	Autocommit mode: undefined/unknown
	Isolation level: undefined/unknown
	Minimum pool size: undefined/unknown
	Maximum pool size: undefined/unknown
2026-01-22 00:28:04 INFO  o.s.o.j.p.SpringPersistenceUnitInfo - No LoadTimeWeaver setup: ignoring JPA class transformer
2026-01-22 00:28:06 INFO  o.h.e.t.j.p.i.JtaPlatformInitiator - HHH000489: No JTA platform available (set 'hibernate.transaction.jta.platform' to enable JTA platform integration)
2026-01-22 00:28:06 INFO  o.s.o.j.LocalContainerEntityManagerFactoryBean - Initialized JPA EntityManagerFactory for persistence unit 'default'
2026-01-22 00:28:07 INFO  o.s.d.j.r.query.QueryEnhancerFactory - Hibernate is in classpath; If applicable, HQL parser will be used.
2026-01-22 00:28:09 INFO  o.s.s.c.a.a.c.InitializeAuthenticationProviderBeanManagerConfigurer$InitializeAuthenticationProviderManagerConfigurer - Global AuthenticationManager configured with AuthenticationProvider bean with name authenticationProvider
2026-01-22 00:28:09 WARN  o.s.s.c.a.a.c.InitializeUserDetailsBeanManagerConfigurer$InitializeUserDetailsManagerConfigurer - Global AuthenticationManager configured with an AuthenticationProvider bean. UserDetailsService beans will not be used by Spring Security for automatically configuring username/password login. Consider removing the AuthenticationProvider bean. Alternatively, consider using the UserDetailsService in a manually instantiated DaoAuthenticationProvider. If the current configuration is intentional, to turn off this warning, increase the logging level of 'org.springframework.security.config.annotation.authentication.configuration.InitializeUserDetailsBeanManagerConfigurer' to ERROR
2026-01-22 00:28:09 WARN  o.s.b.a.o.j.JpaBaseConfiguration$JpaWebConfiguration - spring.jpa.open-in-view is enabled by default. Therefore, database queries may be performed during view rendering. Explicitly configure spring.jpa.open-in-view to disable this warning
2026-01-22 00:28:10 INFO  o.s.b.a.e.web.EndpointLinksResolver - Exposing 3 endpoints beneath base path '/actuator'
2026-01-22 00:28:11 INFO  o.s.b.a.h.H2ConsoleAutoConfiguration - H2 console available at '/h2-console'. Database available at 'jdbc:h2:file:./data/jewelry_db'
2026-01-22 00:28:11 INFO  o.a.coyote.http11.Http11NioProtocol - Starting ProtocolHandler ["http-nio-8080"]
2026-01-22 00:28:11 INFO  o.s.b.w.e.tomcat.TomcatWebServer - Tomcat started on port 8080 (http) with context path '/'
2026-01-22 00:28:12 INFO  c.jewelry.pos.JewelryShopApplication - Started JewelryShopApplication in 18.989 seconds (process running for 27.332)
2026-01-22 00:28:24 INFO  o.a.c.c.C.[Tomcat].[localhost].[/] - Initializing Spring DispatcherServlet 'dispatcherServlet'
2026-01-22 00:28:24 INFO  o.s.web.servlet.DispatcherServlet - Initializing Servlet 'dispatcherServlet'
2026-01-22 00:28:24 INFO  o.s.web.servlet.DispatcherServlet - Completed initialization in 1 ms
2026-01-22 00:28:24 WARN  c.j.p.s.JwtAuthenticationFilter - No Authorization header found or invalid format
2026-01-22 00:28:25 INFO  c.j.p.s.JwtAuthenticationFilter - JWT Token found for user: super_admin
2026-01-22 00:28:25 INFO  c.j.p.s.JwtAuthenticationFilter - JWT Token found for user: super_admin
2026-01-22 00:28:25 INFO  c.j.p.s.JwtAuthenticationFilter - JWT authentication successful for user: super_admin
2026-01-22 00:28:25 INFO  c.j.p.s.JwtAuthenticationFilter - JWT authentication successful for user: super_admin
2026-01-22 00:29:42 WARN  c.j.p.s.JwtAuthenticationFilter - No Authorization header found or invalid format
2026-01-22 00:29:42 WARN  c.j.p.s.JwtAuthenticationFilter - No Authorization header found or invalid format
2026-01-22 00:29:42 WARN  c.j.p.s.JwtAuthenticationFilter - No Authorization header found or invalid format
2026-01-22 00:29:42 WARN  c.j.p.s.JwtAuthenticationFilter - No Authorization header found or invalid format
2026-01-22 00:29:42 WARN  c.j.p.s.JwtAuthenticationFilter - No Authorization header found or invalid format
2026-01-22 00:29:42 WARN  c.j.p.s.JwtAuthenticationFilter - No Authorization header found or invalid format
2026-01-22 00:29:42 WARN  c.j.p.s.JwtAuthenticationFilter - No Authorization header found or invalid format
2026-01-22 00:29:42 WARN  c.j.p.s.JwtAuthenticationFilter - No Authorization header found or invalid format
2026-01-22 00:29:42 WARN  c.j.p.s.JwtAuthenticationFilter - No Authorization header found or invalid format
2026-01-22 00:29:42 WARN  c.j.p.s.JwtAuthenticationFilter - No Authorization header found or invalid format
2026-01-22 00:29:43 INFO  o.s.api.AbstractOpenApiResource - Init duration for springdoc-openapi is: 638 ms
2026-01-22 00:30:07 WARN  c.j.p.s.JwtAuthenticationFilter - No Authorization header found or invalid format
2026-01-22 00:30:18 WARN  c.j.p.s.JwtAuthenticationFilter - No Authorization header found or invalid format
2026-01-22 00:30:18 INFO  c.j.p.s.JwtAuthenticationFilter - JWT Token found for user: super_admin
2026-01-22 00:30:18 INFO  c.j.p.s.JwtAuthenticationFilter - JWT Token found for user: super_admin
2026-01-22 00:30:18 INFO  c.j.p.s.JwtAuthenticationFilter - JWT authentication successful for user: super_admin
2026-01-22 00:30:18 INFO  c.j.p.s.JwtAuthenticationFilter - JWT authentication successful for user: super_admin
2026-01-22 00:31:05 WARN  c.j.p.s.JwtAuthenticationFilter - No Authorization header found or invalid format
2026-01-22 00:31:05 WARN  c.j.p.s.JwtAuthenticationFilter - No Authorization header found or invalid format
2026-01-22 00:31:05 WARN  c.j.p.s.JwtAuthenticationFilter - No Authorization header found or invalid format
2026-01-22 00:31:05 WARN  c.j.p.s.JwtAuthenticationFilter - No Authorization header found or invalid format
2026-01-22 00:31:05 WARN  c.j.p.s.JwtAuthenticationFilter - No Authorization header found or invalid format
2026-01-22 00:31:05 WARN  c.j.p.s.JwtAuthenticationFilter - No Authorization header found or invalid format
2026-01-22 00:31:05 WARN  c.j.p.s.JwtAuthenticationFilter - No Authorization header found or invalid format
2026-01-22 00:31:08 WARN  c.j.p.s.JwtAuthenticationFilter - No Authorization header found or invalid format
2026-01-22 00:31:08 WARN  c.j.p.s.JwtAuthenticationFilter - No Authorization header found or invalid format
2026-01-22 00:31:08 WARN  c.j.p.s.JwtAuthenticationFilter - No Authorization header found or invalid format
2026-01-22 00:31:08 WARN  c.j.p.s.JwtAuthenticationFilter - No Authorization header found or invalid format
2026-01-22 00:31:08 WARN  c.j.p.s.JwtAuthenticationFilter - No Authorization header found or invalid format
2026-01-22 00:31:08 WARN  c.j.p.s.JwtAuthenticationFilter - No Authorization header found or invalid format
2026-01-22 00:31:08 WARN  c.j.p.s.JwtAuthenticationFilter - No Authorization header found or invalid format
2026-01-22 00:31:08 WARN  c.j.p.s.JwtAuthenticationFilter - No Authorization header found or invalid format
2026-01-22 00:31:08 WARN  c.j.p.s.JwtAuthenticationFilter - No Authorization header found or invalid format
2026-01-22 00:31:08 WARN  c.j.p.s.JwtAuthenticationFilter - No Authorization header found or invalid format
2026-01-22 00:31:08 WARN  c.j.p.s.JwtAuthenticationFilter - No Authorization header found or invalid format
2026-01-22 00:31:08 WARN  c.j.p.s.JwtAuthenticationFilter - No Authorization header found or invalid format
2026-01-22 00:31:08 WARN  c.j.p.s.JwtAuthenticationFilter - No Authorization header found or invalid format
2026-01-22 00:31:08 WARN  c.j.p.s.JwtAuthenticationFilter - No Authorization header found or invalid format
2026-01-22 00:31:08 WARN  c.j.p.s.JwtAuthenticationFilter - No Authorization header found or invalid format
2026-01-22 00:31:09 WARN  c.j.p.s.JwtAuthenticationFilter - No Authorization header found or invalid format
2026-01-22 00:31:09 WARN  c.j.p.s.JwtAuthenticationFilter - No Authorization header found or invalid format
2026-01-22 00:31:09 WARN  c.j.p.s.JwtAuthenticationFilter - No Authorization header found or invalid format
2026-01-22 00:31:09 WARN  c.j.p.s.JwtAuthenticationFilter - No Authorization header found or invalid format
2026-01-22 00:31:09 WARN  c.j.p.s.JwtAuthenticationFilter - No Authorization header found or invalid format
2026-01-22 00:31:09 WARN  c.j.p.s.JwtAuthenticationFilter - No Authorization header found or invalid format
2026-01-22 00:31:09 WARN  c.j.p.s.JwtAuthenticationFilter - No Authorization header found or invalid format
2026-01-22 00:31:09 WARN  c.j.p.s.JwtAuthenticationFilter - No Authorization header found or invalid format
2026-01-22 00:31:09 WARN  c.j.p.s.JwtAuthenticationFilter - No Authorization header found or invalid format
2026-01-22 00:31:09 WARN  c.j.p.s.JwtAuthenticationFilter - No Authorization header found or invalid format
2026-01-22 00:31:09 WARN  c.j.p.s.JwtAuthenticationFilter - No Authorization header found or invalid format
2026-01-22 00:31:09 WARN  c.j.p.s.JwtAuthenticationFilter - No Authorization header found or invalid format
2026-01-22 00:31:09 WARN  c.j.p.s.JwtAuthenticationFilter - No Authorization header found or invalid format
2026-01-22 00:31:09 WARN  c.j.p.s.JwtAuthenticationFilter - No Authorization header found or invalid format
2026-01-22 00:31:09 WARN  c.j.p.s.JwtAuthenticationFilter - No Authorization header found or invalid format
2026-01-22 00:31:09 WARN  c.j.p.s.JwtAuthenticationFilter - No Authorization header found or invalid format
2026-01-22 00:31:13 WARN  c.j.p.s.JwtAuthenticationFilter - No Authorization header found or invalid format
2026-01-22 00:31:13 WARN  c.j.p.s.JwtAuthenticationFilter - No Authorization header found or invalid format
2026-01-22 00:31:15 WARN  c.j.p.s.JwtAuthenticationFilter - No Authorization header found or invalid format
2026-01-22 00:31:15 WARN  c.j.p.s.JwtAuthenticationFilter - No Authorization header found or invalid format
2026-01-22 00:31:18 INFO  c.j.p.s.JwtAuthenticationFilter - JWT Token found for user: super_admin
2026-01-22 00:31:19 INFO  c.j.p.s.JwtAuthenticationFilter - JWT authentication successful for user: super_admin
2026-01-22 00:32:30 INFO  o.s.b.w.e.tomcat.GracefulShutdown - Commencing graceful shutdown. Waiting for active requests to complete
2026-01-22 00:32:30 INFO  o.s.b.w.e.tomcat.GracefulShutdown - Graceful shutdown complete
2026-01-22 00:32:30 INFO  o.s.o.j.LocalContainerEntityManagerFactoryBean - Closing JPA EntityManagerFactory for persistence unit 'default'
2026-01-22 00:32:30 INFO  com.zaxxer.hikari.HikariDataSource - HikariPool-1 - Shutdown initiated...
2026-01-22 00:32:30 INFO  com.zaxxer.hikari.HikariDataSource - HikariPool-1 - Shutdown completed.
2026-01-22 00:32:36 INFO  o.h.validator.internal.util.Version - HV000001: Hibernate Validator 8.0.2.Final
2026-01-22 00:32:36 INFO  c.jewelry.pos.JewelryShopApplication - Starting JewelryShopApplication using Java 21.0.6 with PID 23608 (C:\Silicon\Examples\jewelry_shop\jewelry\target\classes started by 148533 in C:\Silicon\Examples\jewelry_shop\jewelry)
2026-01-22 00:32:36 INFO  c.jewelry.pos.JewelryShopApplication - No active profile set, falling back to 1 default profile: "default"
2026-01-22 00:32:39 INFO  o.s.d.r.c.RepositoryConfigurationDelegate - Bootstrapping Spring Data JPA repositories in DEFAULT mode.
2026-01-22 00:32:39 INFO  o.s.d.r.c.RepositoryConfigurationDelegate - Finished Spring Data repository scanning in 121 ms. Found 10 JPA repository interfaces.
2026-01-22 00:32:41 INFO  o.s.b.w.e.tomcat.TomcatWebServer - Tomcat initialized with port 8080 (http)
2026-01-22 00:32:41 INFO  o.a.coyote.http11.Http11NioProtocol - Initializing ProtocolHandler ["http-nio-8080"]
2026-01-22 00:32:41 INFO  o.a.catalina.core.StandardService - Starting service [Tomcat]
2026-01-22 00:32:41 INFO  o.a.catalina.core.StandardEngine - Starting Servlet engine: [Apache Tomcat/10.1.34]
2026-01-22 00:32:41 INFO  o.a.c.c.C.[Tomcat].[localhost].[/] - Initializing Spring embedded WebApplicationContext
2026-01-22 00:32:41 INFO  o.s.b.w.s.c.ServletWebServerApplicationContext - Root WebApplicationContext: initialization completed in 4552 ms
2026-01-22 00:32:42 INFO  com.zaxxer.hikari.HikariDataSource - HikariPool-1 - Starting...
2026-01-22 00:32:42 INFO  com.zaxxer.hikari.pool.HikariPool - HikariPool-1 - Added connection conn1: url=jdbc:h2:file:./data/jewelry_db user=ADMIN_JEWELER
2026-01-22 00:32:42 INFO  com.zaxxer.hikari.HikariDataSource - HikariPool-1 - Start completed.
2026-01-22 00:32:42 INFO  org.flywaydb.core.FlywayExecutor - Database: jdbc:h2:file:./data/jewelry_db (H2 2.3)
2026-01-22 00:32:42 WARN  o.f.c.i.database.base.Database - Flyway upgrade recommended: H2 2.3.232 is newer than this version of Flyway and support has not been tested. The latest supported version of H2 is 2.2.224.
2026-01-22 00:32:42 INFO  o.f.core.internal.command.DbValidate - Successfully validated 1 migration (execution time 00:00.051s)
2026-01-22 00:32:42 INFO  o.f.core.internal.command.DbMigrate - Current version of schema "PUBLIC": 1
2026-01-22 00:32:42 INFO  o.f.core.internal.command.DbMigrate - Schema "PUBLIC" is up to date. No migration necessary.
2026-01-22 00:32:43 INFO  o.h.jpa.internal.util.LogHelper - HHH000204: Processing PersistenceUnitInfo [name: default]
2026-01-22 00:32:43 INFO  org.hibernate.Version - HHH000412: Hibernate ORM core version 6.6.4.Final
2026-01-22 00:32:43 INFO  o.h.c.i.RegionFactoryInitiator - HHH000026: Second-level cache disabled
2026-01-22 00:32:43 INFO  o.hibernate.orm.connections.pooling - HHH10001005: Database info:
	Database JDBC URL [Connecting through datasource 'HikariDataSource (HikariPool-1)']
	Database driver: undefined/unknown
	Database version: 2.3.232
	Autocommit mode: undefined/unknown
	Isolation level: undefined/unknown
	Minimum pool size: undefined/unknown
	Maximum pool size: undefined/unknown
2026-01-22 00:32:43 INFO  o.s.o.j.p.SpringPersistenceUnitInfo - No LoadTimeWeaver setup: ignoring JPA class transformer
2026-01-22 00:32:45 INFO  o.h.e.t.j.p.i.JtaPlatformInitiator - HHH000489: No JTA platform available (set 'hibernate.transaction.jta.platform' to enable JTA platform integration)
2026-01-22 00:32:45 INFO  o.s.o.j.LocalContainerEntityManagerFactoryBean - Initialized JPA EntityManagerFactory for persistence unit 'default'
2026-01-22 00:32:46 INFO  o.s.d.j.r.query.QueryEnhancerFactory - Hibernate is in classpath; If applicable, HQL parser will be used.
2026-01-22 00:32:49 INFO  o.s.s.c.a.a.c.InitializeAuthenticationProviderBeanManagerConfigurer$InitializeAuthenticationProviderManagerConfigurer - Global AuthenticationManager configured with AuthenticationProvider bean with name authenticationProvider
2026-01-22 00:32:49 WARN  o.s.s.c.a.a.c.InitializeUserDetailsBeanManagerConfigurer$InitializeUserDetailsManagerConfigurer - Global AuthenticationManager configured with an AuthenticationProvider bean. UserDetailsService beans will not be used by Spring Security for automatically configuring username/password login. Consider removing the AuthenticationProvider bean. Alternatively, consider using the UserDetailsService in a manually instantiated DaoAuthenticationProvider. If the current configuration is intentional, to turn off this warning, increase the logging level of 'org.springframework.security.config.annotation.authentication.configuration.InitializeUserDetailsBeanManagerConfigurer' to ERROR
2026-01-22 00:32:50 WARN  o.s.b.a.o.j.JpaBaseConfiguration$JpaWebConfiguration - spring.jpa.open-in-view is enabled by default. Therefore, database queries may be performed during view rendering. Explicitly configure spring.jpa.open-in-view to disable this warning
2026-01-22 00:32:50 INFO  o.s.b.a.e.web.EndpointLinksResolver - Exposing 3 endpoints beneath base path '/actuator'
2026-01-22 00:32:51 INFO  o.s.b.a.h.H2ConsoleAutoConfiguration - H2 console available at '/h2-console'. Database available at 'jdbc:h2:file:./data/jewelry_db'
2026-01-22 00:32:52 INFO  o.a.coyote.http11.Http11NioProtocol - Starting ProtocolHandler ["http-nio-8080"]
2026-01-22 00:32:52 INFO  o.s.b.w.e.tomcat.TomcatWebServer - Tomcat started on port 8080 (http) with context path '/'
2026-01-22 00:32:52 INFO  c.jewelry.pos.JewelryShopApplication - Started JewelryShopApplication in 16.789 seconds (process running for 17.767)
2026-01-22 00:33:57 INFO  o.a.c.c.C.[Tomcat].[localhost].[/] - Initializing Spring DispatcherServlet 'dispatcherServlet'
2026-01-22 00:33:57 INFO  o.s.web.servlet.DispatcherServlet - Initializing Servlet 'dispatcherServlet'
2026-01-22 00:33:57 INFO  o.s.web.servlet.DispatcherServlet - Completed initialization in 3 ms
2026-01-22 00:33:58 INFO  c.j.p.s.JwtAuthenticationFilter - JWT Token found for user: super_admin
2026-01-22 00:33:58 INFO  c.j.p.s.JwtAuthenticationFilter - JWT Token found for user: super_admin
2026-01-22 00:33:58 INFO  c.j.p.s.JwtAuthenticationFilter - JWT authentication successful for user: super_admin
2026-01-22 00:33:58 INFO  c.j.p.s.JwtAuthenticationFilter - JWT authentication successful for user: super_admin
2026-01-22 00:34:57 INFO  c.j.p.s.JwtAuthenticationFilter - JWT Token found for user: super_admin
2026-01-22 00:34:57 INFO  c.j.p.s.JwtAuthenticationFilter - JWT authentication successful for user: super_admin
2026-01-22 00:35:53 INFO  c.j.p.s.JwtAuthenticationFilter - JWT Token found for user: super_admin
2026-01-22 00:35:54 INFO  c.j.p.s.JwtAuthenticationFilter - JWT Token found for user: super_admin
2026-01-22 00:35:54 INFO  c.j.p.s.JwtAuthenticationFilter - JWT authentication successful for user: super_admin
2026-01-22 00:35:54 INFO  c.j.p.s.JwtAuthenticationFilter - JWT authentication successful for user: super_admin
2026-01-22 00:35:58 INFO  c.j.p.s.JwtAuthenticationFilter - JWT Token found for user: super_admin
2026-01-22 00:35:58 INFO  c.j.p.s.JwtAuthenticationFilter - JWT authentication successful for user: super_admin
2026-01-22 00:35:58 INFO  c.j.p.s.JwtAuthenticationFilter - JWT Token found for user: super_admin
2026-01-22 00:35:58 INFO  c.j.p.s.JwtAuthenticationFilter - JWT authentication successful for user: super_admin
2026-01-22 00:37:15 INFO  c.j.p.s.JwtAuthenticationFilter - JWT Token found for user: super_admin
2026-01-22 00:37:15 INFO  c.j.p.s.JwtAuthenticationFilter - JWT Token found for user: super_admin
2026-01-22 00:37:15 INFO  c.j.p.s.JwtAuthenticationFilter - JWT authentication successful for user: super_admin
2026-01-22 00:37:15 INFO  c.j.p.s.JwtAuthenticationFilter - JWT authentication successful for user: super_admin
2026-01-22 00:37:33 WARN  c.j.p.s.JwtAuthenticationFilter - No Authorization header found or invalid format
2026-01-22 00:37:34 INFO  c.j.p.s.JwtAuthenticationFilter - JWT Token found for user: super_admin
2026-01-22 00:37:34 INFO  c.j.p.s.JwtAuthenticationFilter - JWT Token found for user: super_admin
2026-01-22 00:37:34 INFO  c.j.p.s.JwtAuthenticationFilter - JWT authentication successful for user: super_admin
2026-01-22 00:37:34 INFO  c.j.p.s.JwtAuthenticationFilter - JWT authentication successful for user: super_admin
2026-01-22 00:38:15 INFO  c.j.p.s.JwtAuthenticationFilter - JWT Token found for user: super_admin
2026-01-22 00:38:15 INFO  c.j.p.s.JwtAuthenticationFilter - JWT Token found for user: super_admin
2026-01-22 00:38:15 INFO  c.j.p.s.JwtAuthenticationFilter - JWT authentication successful for user: super_admin
2026-01-22 00:38:15 INFO  c.j.p.s.JwtAuthenticationFilter - JWT authentication successful for user: super_admin
2026-01-22 00:38:18 INFO  c.j.p.s.JwtAuthenticationFilter - JWT Token found for user: super_admin
2026-01-22 00:38:18 INFO  c.j.p.s.JwtAuthenticationFilter - JWT Token found for user: super_admin
2026-01-22 00:38:18 INFO  c.j.p.s.JwtAuthenticationFilter - JWT authentication successful for user: super_admin
2026-01-22 00:38:18 INFO  c.j.p.s.JwtAuthenticationFilter - JWT authentication successful for user: super_admin
2026-01-22 00:39:18 INFO  c.j.p.s.JwtAuthenticationFilter - JWT Token found for user: super_admin
2026-01-22 00:39:18 INFO  c.j.p.s.JwtAuthenticationFilter - JWT authentication successful for user: super_admin
2026-01-22 00:40:18 INFO  c.j.p.s.JwtAuthenticationFilter - JWT Token found for user: super_admin
2026-01-22 00:40:18 INFO  c.j.p.s.JwtAuthenticationFilter - JWT authentication successful for user: super_admin
2026-01-22 00:41:18 INFO  c.j.p.s.JwtAuthenticationFilter - JWT Token found for user: super_admin
2026-01-22 00:41:18 INFO  c.j.p.s.JwtAuthenticationFilter - JWT authentication successful for user: super_admin
2026-01-22 00:42:18 INFO  c.j.p.s.JwtAuthenticationFilter - JWT Token found for user: super_admin
2026-01-22 00:42:18 INFO  c.j.p.s.JwtAuthenticationFilter - JWT authentication successful for user: super_admin
2026-01-22 00:44:06 INFO  c.j.p.s.JwtAuthenticationFilter - JWT Token found for user: super_admin
2026-01-22 00:44:06 INFO  c.j.p.s.JwtAuthenticationFilter - JWT Token found for user: super_admin
2026-01-22 00:44:06 INFO  c.j.p.s.JwtAuthenticationFilter - JWT authentication successful for user: super_admin
2026-01-22 00:44:06 INFO  c.j.p.s.JwtAuthenticationFilter - JWT authentication successful for user: super_admin
2026-01-22 00:44:27 INFO  c.j.p.s.JwtAuthenticationFilter - JWT Token found for user: super_admin
2026-01-22 00:44:27 INFO  c.j.p.s.JwtAuthenticationFilter - JWT authentication successful for user: super_admin
2026-01-22 00:44:28 WARN  o.s.d.w.c.SpringDataJacksonConfiguration$PageModule$WarningLoggingModifier - Serializing PageImpl instances as-is is not supported, meaning that there is no guarantee about the stability of the resulting JSON structure!
	For a stable JSON structure, please use Spring Data's PagedModel (globally via @EnableSpringDataWebSupport(pageSerializationMode = VIA_DTO))
	or Spring HATEOAS and Spring Data's PagedResourcesAssembler as documented in https://docs.spring.io/spring-data/commons/reference/repositories/core-extensions.html#core.web.pageables.

2026-01-22 00:45:06 INFO  c.j.p.s.JwtAuthenticationFilter - JWT Token found for user: super_admin
2026-01-22 00:45:06 INFO  c.j.p.s.JwtAuthenticationFilter - JWT authentication successful for user: super_admin
2026-01-22 00:45:20 INFO  c.j.p.s.JwtAuthenticationFilter - JWT Token found for user: super_admin
2026-01-22 00:45:20 INFO  c.j.p.s.JwtAuthenticationFilter - JWT authentication successful for user: super_admin
2026-01-22 00:45:27 INFO  o.s.b.w.e.tomcat.GracefulShutdown - Commencing graceful shutdown. Waiting for active requests to complete
2026-01-22 00:45:27 INFO  o.s.b.w.e.tomcat.GracefulShutdown - Graceful shutdown complete
2026-01-22 00:45:27 INFO  o.s.o.j.LocalContainerEntityManagerFactoryBean - Closing JPA EntityManagerFactory for persistence unit 'default'
2026-01-22 00:45:27 INFO  com.zaxxer.hikari.HikariDataSource - HikariPool-1 - Shutdown initiated...
2026-01-22 00:45:27 INFO  com.zaxxer.hikari.HikariDataSource - HikariPool-1 - Shutdown completed.
